<?xml version="1.0" ?>
<testsuites disabled="0" errors="0" failures="64" tests="275" time="0.0">
	<testsuite disabled="0" errors="0" failures="60" name="terraform scan" skipped="0" tests="186" time="0">
		<properties>
			<property name="directory" value="['/tf']"/>
			<property name="add_check" value="False"/>
			<property name="list" value="False"/>
			<property name="output" value="['junitxml']"/>
			<property name="output_file_path" value="results.xml"/>
			<property name="output_bc_ids" value="False"/>
			<property name="include_all_checkov_policies" value="True"/>
			<property name="quiet" value="False"/>
			<property name="compact" value="False"/>
			<property name="framework" value="['all']"/>
			<property name="skip_framework" value="[]"/>
			<property name="run_all_external_checks" value="False"/>
			<property name="soft_fail" value="False"/>
			<property name="skip_results_upload" value="False"/>
			<property name="repo_id" value="cli_repo/tf"/>
			<property name="branch" value="master"/>
			<property name="skip_download" value="False"/>
			<property name="use_enforcement_rules" value="False"/>
			<property name="external_modules_download_path" value=".external_modules"/>
			<property name="evaluate_variables" value="True"/>
			<property name="no_cert_verify" value="False"/>
			<property name="create_baseline" value="False"/>
			<property name="output_baseline_as_skipped" value="False"/>
			<property name="secrets_scan_file_type" value="[]"/>
			<property name="enable_secret_scan_all_files" value="False"/>
			<property name="block_list_secret_scan" value="[]"/>
			<property name="summary_position" value="top"/>
			<property name="skip_resources_without_violations" value="False"/>
			<property name="deep_analysis" value="False"/>
			<property name="no_fail_on_crash" value="False"/>
			<property name="mask" value="defaultdict(&lt;class 'set'&gt;, {})"/>
			<property name="scan_secrets_history" value="False"/>
			<property name="secrets_history_timeout" value="12h"/>
			<property name="custom_tool_name" value="Checkov"/>
		</properties>
		<testcase name="[NONE][CKV_AWS_328] Ensure that ALB is configured with defensive or strictest desync mitigation mode" classname="/alb.tf.aws_lb.main" file="/alb.tf"/>
		<testcase name="[NONE][CKV_AWS_261] Ensure HTTP HTTPS Target group defines Healthcheck" classname="/alb.tf.aws_lb_target_group.api" file="/alb.tf"/>
		<testcase name="[NONE][CKV_AWS_2] Ensure ALB protocol is HTTPS" classname="/alb.tf.aws_lb_listener.https" file="/alb.tf"/>
		<testcase name="[NONE][CKV_AWS_96] Ensure all data stored in Aurora is securely encrypted at rest" classname="/database.tf.aws_rds_cluster.aurora" file="/database.tf"/>
		<testcase name="[NONE][CKV_AWS_133] Ensure that RDS instances has backup policy" classname="/database.tf.aws_rds_cluster.aurora" file="/database.tf"/>
		<testcase name="[NONE][CKV_AWS_17] Ensure all data stored in RDS is not publicly accessible" classname="/database.tf.aws_rds_cluster_instance.aurora[0]" file="/database.tf"/>
		<testcase name="[NONE][CKV_AWS_354] Ensure RDS Performance Insights are encrypted using KMS CMKs" classname="/database.tf.aws_rds_cluster_instance.aurora[0]" file="/database.tf"/>
		<testcase name="[NONE][CKV_AWS_17] Ensure all data stored in RDS is not publicly accessible" classname="/database.tf.aws_rds_cluster_instance.aurora[1]" file="/database.tf"/>
		<testcase name="[NONE][CKV_AWS_354] Ensure RDS Performance Insights are encrypted using KMS CMKs" classname="/database.tf.aws_rds_cluster_instance.aurora[1]" file="/database.tf"/>
		<testcase name="[NONE][CKV_AWS_223] Ensure ECS Cluster enables logging of ECS Exec" classname="/ecs.tf.aws_ecs_cluster.main" file="/ecs.tf"/>
		<testcase name="[NONE][CKV_AWS_66] Ensure that CloudWatch Log Group specifies retention days" classname="/ecs.tf.aws_cloudwatch_log_group.api" file="/ecs.tf"/>
		<testcase name="[NONE][CKV_AWS_66] Ensure that CloudWatch Log Group specifies retention days" classname="/ecs.tf.aws_cloudwatch_log_group.worker" file="/ecs.tf"/>
		<testcase name="[NONE][CKV_AWS_249] Ensure that the Execution Role ARN and the Task Role ARN are different in ECS Task definitions" classname="/ecs.tf.aws_ecs_task_definition.api" file="/ecs.tf"/>
		<testcase name="[NONE][CKV_AWS_334] Ensure ECS containers should run as non-privileged" classname="/ecs.tf.aws_ecs_task_definition.api" file="/ecs.tf"/>
		<testcase name="[NONE][CKV_AWS_336] Ensure ECS containers are limited to read-only access to root filesystems" classname="/ecs.tf.aws_ecs_task_definition.api" file="/ecs.tf"/>
		<testcase name="[NONE][CKV_AWS_97] Ensure Encryption in transit is enabled for EFS volumes in ECS Task definitions" classname="/ecs.tf.aws_ecs_task_definition.api" file="/ecs.tf"/>
		<testcase name="[NONE][CKV_AWS_335] Ensure ECS task definitions should not share the host's process namespace" classname="/ecs.tf.aws_ecs_task_definition.api" file="/ecs.tf"/>
		<testcase name="[NONE][CKV_AWS_249] Ensure that the Execution Role ARN and the Task Role ARN are different in ECS Task definitions" classname="/ecs.tf.aws_ecs_task_definition.worker" file="/ecs.tf"/>
		<testcase name="[NONE][CKV_AWS_334] Ensure ECS containers should run as non-privileged" classname="/ecs.tf.aws_ecs_task_definition.worker" file="/ecs.tf"/>
		<testcase name="[NONE][CKV_AWS_97] Ensure Encryption in transit is enabled for EFS volumes in ECS Task definitions" classname="/ecs.tf.aws_ecs_task_definition.worker" file="/ecs.tf"/>
		<testcase name="[NONE][CKV_AWS_335] Ensure ECS task definitions should not share the host's process namespace" classname="/ecs.tf.aws_ecs_task_definition.worker" file="/ecs.tf"/>
		<testcase name="[NONE][CKV_AWS_332] Ensure ECS Fargate services run on the latest Fargate platform version" classname="/ecs.tf.aws_ecs_service.api" file="/ecs.tf"/>
		<testcase name="[NONE][CKV_AWS_333] Ensure ECS services do not have public IP addresses assigned to them automatically" classname="/ecs.tf.aws_ecs_service.api" file="/ecs.tf"/>
		<testcase name="[NONE][CKV_AWS_332] Ensure ECS Fargate services run on the latest Fargate platform version" classname="/ecs.tf.aws_ecs_service.worker" file="/ecs.tf"/>
		<testcase name="[NONE][CKV_AWS_333] Ensure ECS services do not have public IP addresses assigned to them automatically" classname="/ecs.tf.aws_ecs_service.worker" file="/ecs.tf"/>
		<testcase name="[NONE][CKV_AWS_93] Ensure S3 bucket policy does not lockout all but root user. (Prevent lockouts needing root account fixes)" classname="/frontend.tf.aws_s3_bucket.frontend" file="/frontend.tf"/>
		<testcase name="[NONE][CKV_AWS_53] Ensure S3 bucket has block public ACLS enabled" classname="/frontend.tf.aws_s3_bucket_public_access_block.frontend" file="/frontend.tf"/>
		<testcase name="[NONE][CKV_AWS_55] Ensure S3 bucket has ignore public ACLs enabled" classname="/frontend.tf.aws_s3_bucket_public_access_block.frontend" file="/frontend.tf"/>
		<testcase name="[NONE][CKV_AWS_56] Ensure S3 bucket has 'restrict_public_buckets' enabled" classname="/frontend.tf.aws_s3_bucket_public_access_block.frontend" file="/frontend.tf"/>
		<testcase name="[NONE][CKV_AWS_54] Ensure S3 bucket has block public policy enabled" classname="/frontend.tf.aws_s3_bucket_public_access_block.frontend" file="/frontend.tf"/>
		<testcase name="[NONE][CKV_AWS_93] Ensure S3 bucket policy does not lockout all but root user. (Prevent lockouts needing root account fixes)" classname="/frontend.tf.aws_s3_bucket_policy.frontend" file="/frontend.tf"/>
		<testcase name="[NONE][CKV_AWS_70] Ensure S3 bucket does not allow an action with any Principal" classname="/frontend.tf.aws_s3_bucket_policy.frontend" file="/frontend.tf"/>
		<testcase name="[NONE][CKV_AWS_216] Ensure CloudFront distribution is enabled" classname="/frontend.tf.aws_cloudfront_distribution.main" file="/frontend.tf"/>
		<testcase name="[NONE][CKV_AWS_34] Ensure CloudFront distribution ViewerProtocolPolicy is set to HTTPS" classname="/frontend.tf.aws_cloudfront_distribution.main" file="/frontend.tf"/>
		<testcase name="[NONE][CKV_AWS_305] Ensure CloudFront distribution has a default root object configured" classname="/frontend.tf.aws_cloudfront_distribution.main" file="/frontend.tf"/>
		<testcase name="[NONE][CKV_AWS_60] Ensure IAM role allows only specific services or principals to assume it" classname="/iam-oidc.tf.aws_iam_role.github_actions_plan" file="/iam-oidc.tf"/>
		<testcase name="[NONE][CKV_AWS_274] Disallow IAM roles, users, and groups from using the AWS AdministratorAccess policy" classname="/iam-oidc.tf.aws_iam_role.github_actions_plan" file="/iam-oidc.tf"/>
		<testcase name="[NONE][CKV_AWS_61] Ensure AWS IAM policy does not allow assume role permission across all services" classname="/iam-oidc.tf.aws_iam_role.github_actions_plan" file="/iam-oidc.tf"/>
		<testcase name="[NONE][CKV_AWS_62] Ensure IAM policies that allow full &quot;*-*&quot; administrative privileges are not created" classname="/iam-oidc.tf.aws_iam_policy.plan_backend_access" file="/iam-oidc.tf"/>
		<testcase name="[NONE][CKV_AWS_287] Ensure IAM policies does not allow credentials exposure" classname="/iam-oidc.tf.aws_iam_policy.plan_backend_access" file="/iam-oidc.tf"/>
		<testcase name="[NONE][CKV_AWS_288] Ensure IAM policies does not allow data exfiltration" classname="/iam-oidc.tf.aws_iam_policy.plan_backend_access" file="/iam-oidc.tf"/>
		<testcase name="[NONE][CKV_AWS_290] Ensure IAM policies does not allow write access without constraints" classname="/iam-oidc.tf.aws_iam_policy.plan_backend_access" file="/iam-oidc.tf"/>
		<testcase name="[NONE][CKV_AWS_63] Ensure no IAM policies documents allow &quot;*&quot; as a statement's actions" classname="/iam-oidc.tf.aws_iam_policy.plan_backend_access" file="/iam-oidc.tf"/>
		<testcase name="[NONE][CKV_AWS_289] Ensure IAM policies does not allow permissions management / resource exposure without constraints" classname="/iam-oidc.tf.aws_iam_policy.plan_backend_access" file="/iam-oidc.tf"/>
		<testcase name="[NONE][CKV_AWS_355] Ensure no IAM policies documents allow &quot;*&quot; as a statement's resource for restrictable actions" classname="/iam-oidc.tf.aws_iam_policy.plan_backend_access" file="/iam-oidc.tf"/>
		<testcase name="[NONE][CKV_AWS_286] Ensure IAM policies does not allow privilege escalation" classname="/iam-oidc.tf.aws_iam_policy.plan_backend_access" file="/iam-oidc.tf"/>
		<testcase name="[NONE][CKV_AWS_274] Disallow IAM roles, users, and groups from using the AWS AdministratorAccess policy" classname="/iam-oidc.tf.aws_iam_role_policy_attachment.plan_readonly_access" file="/iam-oidc.tf"/>
		<testcase name="[NONE][CKV_AWS_274] Disallow IAM roles, users, and groups from using the AWS AdministratorAccess policy" classname="/iam-oidc.tf.aws_iam_role_policy_attachment.plan_backend_access" file="/iam-oidc.tf"/>
		<testcase name="[NONE][CKV_AWS_60] Ensure IAM role allows only specific services or principals to assume it" classname="/iam-oidc.tf.aws_iam_role.github_actions_apply" file="/iam-oidc.tf"/>
		<testcase name="[NONE][CKV_AWS_274] Disallow IAM roles, users, and groups from using the AWS AdministratorAccess policy" classname="/iam-oidc.tf.aws_iam_role.github_actions_apply" file="/iam-oidc.tf"/>
		<testcase name="[NONE][CKV_AWS_61] Ensure AWS IAM policy does not allow assume role permission across all services" classname="/iam-oidc.tf.aws_iam_role.github_actions_apply" file="/iam-oidc.tf"/>
		<testcase name="[NONE][CKV_AWS_60] Ensure IAM role allows only specific services or principals to assume it" classname="/iam-oidc.tf.aws_iam_role.github_actions_destroy" file="/iam-oidc.tf"/>
		<testcase name="[NONE][CKV_AWS_274] Disallow IAM roles, users, and groups from using the AWS AdministratorAccess policy" classname="/iam-oidc.tf.aws_iam_role.github_actions_destroy" file="/iam-oidc.tf"/>
		<testcase name="[NONE][CKV_AWS_61] Ensure AWS IAM policy does not allow assume role permission across all services" classname="/iam-oidc.tf.aws_iam_role.github_actions_destroy" file="/iam-oidc.tf"/>
		<testcase name="[NONE][CKV_AWS_60] Ensure IAM role allows only specific services or principals to assume it" classname="/iam.tf.aws_iam_role.ecs_execution_role" file="/iam.tf"/>
		<testcase name="[NONE][CKV_AWS_274] Disallow IAM roles, users, and groups from using the AWS AdministratorAccess policy" classname="/iam.tf.aws_iam_role.ecs_execution_role" file="/iam.tf"/>
		<testcase name="[NONE][CKV_AWS_61] Ensure AWS IAM policy does not allow assume role permission across all services" classname="/iam.tf.aws_iam_role.ecs_execution_role" file="/iam.tf"/>
		<testcase name="[NONE][CKV_AWS_274] Disallow IAM roles, users, and groups from using the AWS AdministratorAccess policy" classname="/iam.tf.aws_iam_role_policy_attachment.ecs_execution_policy" file="/iam.tf"/>
		<testcase name="[NONE][CKV_AWS_60] Ensure IAM role allows only specific services or principals to assume it" classname="/iam.tf.aws_iam_role.api_task_role" file="/iam.tf"/>
		<testcase name="[NONE][CKV_AWS_274] Disallow IAM roles, users, and groups from using the AWS AdministratorAccess policy" classname="/iam.tf.aws_iam_role.api_task_role" file="/iam.tf"/>
		<testcase name="[NONE][CKV_AWS_61] Ensure AWS IAM policy does not allow assume role permission across all services" classname="/iam.tf.aws_iam_role.api_task_role" file="/iam.tf"/>
		<testcase name="[NONE][CKV_AWS_60] Ensure IAM role allows only specific services or principals to assume it" classname="/iam.tf.aws_iam_role.worker_task_role" file="/iam.tf"/>
		<testcase name="[NONE][CKV_AWS_274] Disallow IAM roles, users, and groups from using the AWS AdministratorAccess policy" classname="/iam.tf.aws_iam_role.worker_task_role" file="/iam.tf"/>
		<testcase name="[NONE][CKV_AWS_61] Ensure AWS IAM policy does not allow assume role permission across all services" classname="/iam.tf.aws_iam_role.worker_task_role" file="/iam.tf"/>
		<testcase name="[NONE][CKV_AWS_62] Ensure IAM policies that allow full &quot;*-*&quot; administrative privileges are not created" classname="/iam.tf.aws_iam_policy.fargate_permissions" file="/iam.tf"/>
		<testcase name="[NONE][CKV_AWS_63] Ensure no IAM policies documents allow &quot;*&quot; as a statement's actions" classname="/iam.tf.aws_iam_policy.fargate_permissions" file="/iam.tf"/>
		<testcase name="[NONE][CKV_AWS_274] Disallow IAM roles, users, and groups from using the AWS AdministratorAccess policy" classname="/iam.tf.aws_iam_role_policy_attachment.api_permissions" file="/iam.tf"/>
		<testcase name="[NONE][CKV_AWS_274] Disallow IAM roles, users, and groups from using the AWS AdministratorAccess policy" classname="/iam.tf.aws_iam_role_policy_attachment.worker_permissions" file="/iam.tf"/>
		<testcase name="[NONE][CKV_AWS_274] Disallow IAM roles, users, and groups from using the AWS AdministratorAccess policy" classname="/iam.tf.aws_iam_role_policy_attachment.ecs_execution_secret_access" file="/iam.tf"/>
		<testcase name="[NONE][CKV_AWS_41] Ensure no hard coded AWS access key and secret key exists in provider" classname="/providers.tf.aws.default" file="/providers.tf"/>
		<testcase name="[NONE][CKV_AWS_24] Ensure no security groups allow ingress from 0.0.0.0:0 to port 22" classname="/security.tf.aws_security_group.alb" file="/security.tf"/>
		<testcase name="[NONE][CKV_AWS_25] Ensure no security groups allow ingress from 0.0.0.0:0 to port 3389" classname="/security.tf.aws_security_group.alb" file="/security.tf"/>
		<testcase name="[NONE][CKV_AWS_277] Ensure no security groups allow ingress from 0.0.0.0:0 to port -1" classname="/security.tf.aws_security_group.alb" file="/security.tf"/>
		<testcase name="[NONE][CKV_AWS_24] Ensure no security groups allow ingress from 0.0.0.0:0 to port 22" classname="/security.tf.aws_security_group.fargate_api" file="/security.tf"/>
		<testcase name="[NONE][CKV_AWS_260] Ensure no security groups allow ingress from 0.0.0.0:0 to port 80" classname="/security.tf.aws_security_group.fargate_api" file="/security.tf"/>
		<testcase name="[NONE][CKV_AWS_25] Ensure no security groups allow ingress from 0.0.0.0:0 to port 3389" classname="/security.tf.aws_security_group.fargate_api" file="/security.tf"/>
		<testcase name="[NONE][CKV_AWS_277] Ensure no security groups allow ingress from 0.0.0.0:0 to port -1" classname="/security.tf.aws_security_group.fargate_api" file="/security.tf"/>
		<testcase name="[NONE][CKV_AWS_24] Ensure no security groups allow ingress from 0.0.0.0:0 to port 22" classname="/security.tf.aws_security_group.fargate_worker" file="/security.tf"/>
		<testcase name="[NONE][CKV_AWS_260] Ensure no security groups allow ingress from 0.0.0.0:0 to port 80" classname="/security.tf.aws_security_group.fargate_worker" file="/security.tf"/>
		<testcase name="[NONE][CKV_AWS_25] Ensure no security groups allow ingress from 0.0.0.0:0 to port 3389" classname="/security.tf.aws_security_group.fargate_worker" file="/security.tf"/>
		<testcase name="[NONE][CKV_AWS_277] Ensure no security groups allow ingress from 0.0.0.0:0 to port -1" classname="/security.tf.aws_security_group.fargate_worker" file="/security.tf"/>
		<testcase name="[NONE][CKV_AWS_24] Ensure no security groups allow ingress from 0.0.0.0:0 to port 22" classname="/security.tf.aws_security_group.rds" file="/security.tf"/>
		<testcase name="[NONE][CKV_AWS_260] Ensure no security groups allow ingress from 0.0.0.0:0 to port 80" classname="/security.tf.aws_security_group.rds" file="/security.tf"/>
		<testcase name="[NONE][CKV_AWS_25] Ensure no security groups allow ingress from 0.0.0.0:0 to port 3389" classname="/security.tf.aws_security_group.rds" file="/security.tf"/>
		<testcase name="[NONE][CKV_AWS_277] Ensure no security groups allow ingress from 0.0.0.0:0 to port -1" classname="/security.tf.aws_security_group.rds" file="/security.tf"/>
		<testcase name="[NONE][CKV_AWS_168] Ensure SQS queue policy is not public by only allowing specific services or principals to access it" classname="/sqs.tf.aws_sqs_queue.reservas_dlq" file="/sqs.tf"/>
		<testcase name="[NONE][CKV_AWS_168] Ensure SQS queue policy is not public by only allowing specific services or principals to access it" classname="/sqs.tf.aws_sqs_queue.reservas_queue" file="/sqs.tf"/>
		<testcase name="[NONE][CKV_AWS_130] Ensure VPC subnets do not assign public IP by default" classname="/vpc.tf.aws_subnet.private[0]" file="/vpc.tf"/>
		<testcase name="[NONE][CKV_AWS_130] Ensure VPC subnets do not assign public IP by default" classname="/vpc.tf.aws_subnet.database[0]" file="/vpc.tf"/>
		<testcase name="[NONE][CKV_AWS_130] Ensure VPC subnets do not assign public IP by default" classname="/vpc.tf.aws_subnet.private[1]" file="/vpc.tf"/>
		<testcase name="[NONE][CKV_AWS_130] Ensure VPC subnets do not assign public IP by default" classname="/vpc.tf.aws_subnet.database[1]" file="/vpc.tf"/>
		<testcase name="[NONE][CKV2_AWS_56] Ensure AWS Managed IAMFullAccess IAM policy is not used." classname="/iam-oidc.tf.aws_iam_role.github_actions_plan" file="/iam-oidc.tf"/>
		<testcase name="[NONE][CKV2_AWS_56] Ensure AWS Managed IAMFullAccess IAM policy is not used." classname="/iam-oidc.tf.aws_iam_role_policy_attachment.plan_readonly_access" file="/iam-oidc.tf"/>
		<testcase name="[NONE][CKV2_AWS_56] Ensure AWS Managed IAMFullAccess IAM policy is not used." classname="/iam-oidc.tf.aws_iam_role.github_actions_apply" file="/iam-oidc.tf"/>
		<testcase name="[NONE][CKV2_AWS_56] Ensure AWS Managed IAMFullAccess IAM policy is not used." classname="/iam-oidc.tf.aws_iam_role_policy_attachment.apply_admin_access" file="/iam-oidc.tf"/>
		<testcase name="[NONE][CKV2_AWS_56] Ensure AWS Managed IAMFullAccess IAM policy is not used." classname="/iam-oidc.tf.aws_iam_role.github_actions_destroy" file="/iam-oidc.tf"/>
		<testcase name="[NONE][CKV2_AWS_56] Ensure AWS Managed IAMFullAccess IAM policy is not used." classname="/iam-oidc.tf.aws_iam_role_policy_attachment.destroy_admin_access" file="/iam-oidc.tf"/>
		<testcase name="[NONE][CKV2_AWS_56] Ensure AWS Managed IAMFullAccess IAM policy is not used." classname="/iam.tf.aws_iam_role.ecs_execution_role" file="/iam.tf"/>
		<testcase name="[NONE][CKV2_AWS_56] Ensure AWS Managed IAMFullAccess IAM policy is not used." classname="/iam.tf.aws_iam_role_policy_attachment.ecs_execution_policy" file="/iam.tf"/>
		<testcase name="[NONE][CKV2_AWS_56] Ensure AWS Managed IAMFullAccess IAM policy is not used." classname="/iam.tf.aws_iam_role.api_task_role" file="/iam.tf"/>
		<testcase name="[NONE][CKV2_AWS_56] Ensure AWS Managed IAMFullAccess IAM policy is not used." classname="/iam.tf.aws_iam_role.worker_task_role" file="/iam.tf"/>
		<testcase name="[NONE][CKV2_AWS_5] Ensure that Security Groups are attached to another resource" classname="/security.tf.aws_security_group.alb" file="/security.tf"/>
		<testcase name="[NONE][CKV2_AWS_5] Ensure that Security Groups are attached to another resource" classname="/security.tf.aws_security_group.rds" file="/security.tf"/>
		<testcase name="[NONE][CKV2_AWS_5] Ensure that Security Groups are attached to another resource" classname="/security.tf.aws_security_group.fargate_api" file="/security.tf"/>
		<testcase name="[NONE][CKV2_AWS_5] Ensure that Security Groups are attached to another resource" classname="/security.tf.aws_security_group.fargate_worker" file="/security.tf"/>
		<testcase name="[NONE][CKV2_AWS_35] AWS NAT Gateways should be utilized for the default route" classname="/vpc.tf.aws_route_table.public" file="/vpc.tf"/>
		<testcase name="[NONE][CKV2_AWS_35] AWS NAT Gateways should be utilized for the default route" classname="/vpc.tf.aws_route_table.private[0]" file="/vpc.tf"/>
		<testcase name="[NONE][CKV2_AWS_35] AWS NAT Gateways should be utilized for the default route" classname="/vpc.tf.aws_route_table.database" file="/vpc.tf"/>
		<testcase name="[NONE][CKV2_AWS_35] AWS NAT Gateways should be utilized for the default route" classname="/vpc.tf.aws_route_table.private[1]" file="/vpc.tf"/>
		<testcase name="[NONE][CKV2_AWS_54] Ensure AWS CloudFront distribution is using secure SSL protocols for HTTPS communication" classname="/frontend.tf.aws_cloudfront_distribution.main" file="/frontend.tf"/>
		<testcase name="[NONE][CKV2_AWS_6] Ensure that S3 bucket has a Public Access block" classname="/frontend.tf.aws_s3_bucket.frontend" file="/frontend.tf"/>
		<testcase name="[NONE][CKV_AWS_19] Ensure all data stored in the S3 bucket is securely encrypted at rest" classname="/frontend.tf.aws_s3_bucket.frontend" file="/frontend.tf"/>
		<testcase name="[NONE][CKV2_AWS_73] Ensure AWS SQS uses CMK not AWS default keys for encryption" classname="/sqs.tf.aws_sqs_queue.reservas_dlq" file="/sqs.tf"/>
		<testcase name="[NONE][CKV2_AWS_73] Ensure AWS SQS uses CMK not AWS default keys for encryption" classname="/sqs.tf.aws_sqs_queue.reservas_queue" file="/sqs.tf"/>
		<testcase name="[NONE][CKV2_AWS_76] Ensure AWS ALB attached WAFv2 WebACL is configured with AMR for Log4j Vulnerability" classname="/alb.tf.aws_lb.main" file="/alb.tf"/>
		<testcase name="[NONE][CKV2_AWS_40] Ensure AWS IAM policy does not allow full IAM privileges" classname="/iam-oidc.tf.aws_iam_policy.plan_backend_access" file="/iam-oidc.tf"/>
		<testcase name="[NONE][CKV_AWS_20] S3 Bucket has an ACL defined which allows public READ access." classname="/frontend.tf.aws_s3_bucket.frontend" file="/frontend.tf"/>
		<testcase name="[NONE][CKV_AWS_57] S3 Bucket has an ACL defined which allows public WRITE access." classname="/frontend.tf.aws_s3_bucket.frontend" file="/frontend.tf"/>
		<testcase name="[NONE][CKV_AWS_378] Ensure AWS Load Balancer doesn't use HTTP protocol" classname="/alb.tf.aws_lb_target_group.api" file="/alb.tf"/>
		<testcase name="[NONE][CKV2_AWS_19] Ensure that all EIP addresses allocated to a VPC are attached to EC2 instances" classname="/vpc.tf.aws_eip.nat[0]" file="/vpc.tf"/>
		<testcase name="[NONE][CKV2_AWS_19] Ensure that all EIP addresses allocated to a VPC are attached to EC2 instances" classname="/vpc.tf.aws_eip.nat[1]" file="/vpc.tf"/>
		<testcase name="[NONE][CKV2_AWS_44] Ensure AWS route table with VPC peering does not contain routes overly permissive to all traffic" classname="/vpc.tf.aws_route_table.public" file="/vpc.tf"/>
		<testcase name="[NONE][CKV2_AWS_44] Ensure AWS route table with VPC peering does not contain routes overly permissive to all traffic" classname="/vpc.tf.aws_route_table.private[0]" file="/vpc.tf"/>
		<testcase name="[NONE][CKV2_AWS_44] Ensure AWS route table with VPC peering does not contain routes overly permissive to all traffic" classname="/vpc.tf.aws_route_table.database" file="/vpc.tf"/>
		<testcase name="[NONE][CKV2_AWS_44] Ensure AWS route table with VPC peering does not contain routes overly permissive to all traffic" classname="/vpc.tf.aws_route_table.private[1]" file="/vpc.tf"/>
		<testcase name="[NONE][CKV2_AWS_46] Ensure AWS CloudFront Distribution with S3 have Origin Access set to enabled" classname="/frontend.tf.aws_cloudfront_distribution.main" file="/frontend.tf"/>
		<testcase name="[NONE][CKV_AWS_131] Ensure that ALB drops HTTP headers" classname="/alb.tf.aws_lb.main" file="/alb.tf">
			<failure type="failure" message="Ensure that ALB drops HTTP headers">
Resource: aws_lb.main
File: /alb.tf: 2-12
Guideline: https://docs.prismacloud.io/en/enterprise-edition/policy-reference/aws-policies/aws-networking-policies/ensure-that-alb-drops-http-headers

		2  | resource &quot;aws_lb&quot; &quot;main&quot; {
		3  |   name               = &quot;mi-app-alb&quot;
		4  |   internal           = false # Es público
		5  |   load_balancer_type = &quot;application&quot;
		6  |   security_groups    = [aws_security_group.alb.id] # El SG que ya creamos
		7  |   subnets            = aws_subnet.public.*.id      # Vive en las subredes PÚBLICAS
		8  | 
		9  |   tags = {
		10 |     Name = &quot;mi-app-alb&quot;
		11 |   }
		12 | }
</failure>
		</testcase>
		<testcase name="[NONE][CKV_AWS_150] Ensure that Load Balancer has deletion protection enabled" classname="/alb.tf.aws_lb.main" file="/alb.tf">
			<failure type="failure" message="Ensure that Load Balancer has deletion protection enabled">
Resource: aws_lb.main
File: /alb.tf: 2-12
Guideline: https://docs.prismacloud.io/en/enterprise-edition/policy-reference/aws-policies/aws-general-policies/bc-aws-150

		2  | resource &quot;aws_lb&quot; &quot;main&quot; {
		3  |   name               = &quot;mi-app-alb&quot;
		4  |   internal           = false # Es público
		5  |   load_balancer_type = &quot;application&quot;
		6  |   security_groups    = [aws_security_group.alb.id] # El SG que ya creamos
		7  |   subnets            = aws_subnet.public.*.id      # Vive en las subredes PÚBLICAS
		8  | 
		9  |   tags = {
		10 |     Name = &quot;mi-app-alb&quot;
		11 |   }
		12 | }
</failure>
		</testcase>
		<testcase name="[NONE][CKV_AWS_91] Ensure the ELBv2 (Application/Network) has access logging enabled" classname="/alb.tf.aws_lb.main" file="/alb.tf">
			<failure type="failure" message="Ensure the ELBv2 (Application/Network) has access logging enabled">
Resource: aws_lb.main
File: /alb.tf: 2-12
Guideline: https://docs.prismacloud.io/en/enterprise-edition/policy-reference/aws-policies/aws-logging-policies/bc-aws-logging-22

		2  | resource &quot;aws_lb&quot; &quot;main&quot; {
		3  |   name               = &quot;mi-app-alb&quot;
		4  |   internal           = false # Es público
		5  |   load_balancer_type = &quot;application&quot;
		6  |   security_groups    = [aws_security_group.alb.id] # El SG que ya creamos
		7  |   subnets            = aws_subnet.public.*.id      # Vive en las subredes PÚBLICAS
		8  | 
		9  |   tags = {
		10 |     Name = &quot;mi-app-alb&quot;
		11 |   }
		12 | }
</failure>
		</testcase>
		<testcase name="[NONE][CKV_AWS_149] Ensure that Secrets Manager secret is encrypted using KMS CMK" classname="/database.tf.aws_secretsmanager_secret.db" file="/database.tf">
			<failure type="failure" message="Ensure that Secrets Manager secret is encrypted using KMS CMK">
Resource: aws_secretsmanager_secret.db
File: /database.tf: 9-15
Guideline: https://docs.prismacloud.io/en/enterprise-edition/policy-reference/aws-policies/aws-general-policies/ensure-that-secrets-manager-secret-is-encrypted-using-kms

		9  | resource &quot;aws_secretsmanager_secret&quot; &quot;db&quot; {
		10 |   name = &quot;mi-app/db-password&quot;
		11 | 
		12 |   tags = {
		13 |     Name = &quot;Secreto de BD para mi-app&quot;
		14 |   }
		15 | }
</failure>
		</testcase>
		<testcase name="[NONE][CKV_AWS_326] Ensure that RDS Aurora Clusters have backtracking enabled" classname="/database.tf.aws_rds_cluster.aurora" file="/database.tf">
			<failure type="failure" message="Ensure that RDS Aurora Clusters have backtracking enabled">
Resource: aws_rds_cluster.aurora
File: /database.tf: 24-53
Guideline: https://docs.prismacloud.io/en/enterprise-edition/policy-reference/aws-policies/aws-general-policies/bc-aws-326

		24 | resource &quot;aws_rds_cluster&quot; &quot;aurora&quot; {
		25 |   cluster_identifier = &quot;mi-app-aurora-cluster&quot;
		26 |   engine             = &quot;aurora-mysql&quot;
		27 | 
		28 |   # Si quieres versión automática no pongas engine_version.
		29 |   # engine_version = &quot;8.0.mysql_aurora.3.05.2&quot;
		30 | 
		31 |   availability_zones     = var.availability_zones
		32 |   database_name          = &quot;miAppDB&quot;
		33 |   master_username        = var.db_username
		34 |   master_password        = random_password.db.result
		35 |   db_subnet_group_name   = aws_db_subnet_group.aurora.name
		36 |   vpc_security_group_ids = [aws_security_group.rds.id]
		37 |   skip_final_snapshot    = true
		38 |   storage_encrypted      = true
		39 | 
		40 |   # ACTIVAR SERVERLESS V2
		41 |   serverlessv2_scaling_configuration {
		42 |     min_capacity = 0.5
		43 |     max_capacity = 4
		44 |   }
		45 | 
		46 |   depends_on = [
		47 |     aws_secretsmanager_secret_version.db
		48 |   ]
		49 | 
		50 |   tags = {
		51 |     Name = &quot;mi-app-aurora-cluster&quot;
		52 |   }
		53 | }
</failure>
		</testcase>
		<testcase name="[NONE][CKV_AWS_327] Ensure RDS Clusters are encrypted using KMS CMKs" classname="/database.tf.aws_rds_cluster.aurora" file="/database.tf">
			<failure type="failure" message="Ensure RDS Clusters are encrypted using KMS CMKs">
Resource: aws_rds_cluster.aurora
File: /database.tf: 24-53
Guideline: https://docs.prismacloud.io/en/enterprise-edition/policy-reference/aws-policies/aws-general-policies/bc-aws-327

		24 | resource &quot;aws_rds_cluster&quot; &quot;aurora&quot; {
		25 |   cluster_identifier = &quot;mi-app-aurora-cluster&quot;
		26 |   engine             = &quot;aurora-mysql&quot;
		27 | 
		28 |   # Si quieres versión automática no pongas engine_version.
		29 |   # engine_version = &quot;8.0.mysql_aurora.3.05.2&quot;
		30 | 
		31 |   availability_zones     = var.availability_zones
		32 |   database_name          = &quot;miAppDB&quot;
		33 |   master_username        = var.db_username
		34 |   master_password        = random_password.db.result
		35 |   db_subnet_group_name   = aws_db_subnet_group.aurora.name
		36 |   vpc_security_group_ids = [aws_security_group.rds.id]
		37 |   skip_final_snapshot    = true
		38 |   storage_encrypted      = true
		39 | 
		40 |   # ACTIVAR SERVERLESS V2
		41 |   serverlessv2_scaling_configuration {
		42 |     min_capacity = 0.5
		43 |     max_capacity = 4
		44 |   }
		45 | 
		46 |   depends_on = [
		47 |     aws_secretsmanager_secret_version.db
		48 |   ]
		49 | 
		50 |   tags = {
		51 |     Name = &quot;mi-app-aurora-cluster&quot;
		52 |   }
		53 | }
</failure>
		</testcase>
		<testcase name="[NONE][CKV_AWS_325] Ensure that RDS Cluster audit logging is enabled for MySQL engine" classname="/database.tf.aws_rds_cluster.aurora" file="/database.tf">
			<failure type="failure" message="Ensure that RDS Cluster audit logging is enabled for MySQL engine">
Resource: aws_rds_cluster.aurora
File: /database.tf: 24-53
Guideline: https://docs.prismacloud.io/en/enterprise-edition/policy-reference/aws-policies/aws-logging-policies/bc-aws-325

		24 | resource &quot;aws_rds_cluster&quot; &quot;aurora&quot; {
		25 |   cluster_identifier = &quot;mi-app-aurora-cluster&quot;
		26 |   engine             = &quot;aurora-mysql&quot;
		27 | 
		28 |   # Si quieres versión automática no pongas engine_version.
		29 |   # engine_version = &quot;8.0.mysql_aurora.3.05.2&quot;
		30 | 
		31 |   availability_zones     = var.availability_zones
		32 |   database_name          = &quot;miAppDB&quot;
		33 |   master_username        = var.db_username
		34 |   master_password        = random_password.db.result
		35 |   db_subnet_group_name   = aws_db_subnet_group.aurora.name
		36 |   vpc_security_group_ids = [aws_security_group.rds.id]
		37 |   skip_final_snapshot    = true
		38 |   storage_encrypted      = true
		39 | 
		40 |   # ACTIVAR SERVERLESS V2
		41 |   serverlessv2_scaling_configuration {
		42 |     min_capacity = 0.5
		43 |     max_capacity = 4
		44 |   }
		45 | 
		46 |   depends_on = [
		47 |     aws_secretsmanager_secret_version.db
		48 |   ]
		49 | 
		50 |   tags = {
		51 |     Name = &quot;mi-app-aurora-cluster&quot;
		52 |   }
		53 | }
</failure>
		</testcase>
		<testcase name="[NONE][CKV_AWS_324] Ensure that RDS Cluster log capture is enabled" classname="/database.tf.aws_rds_cluster.aurora" file="/database.tf">
			<failure type="failure" message="Ensure that RDS Cluster log capture is enabled">
Resource: aws_rds_cluster.aurora
File: /database.tf: 24-53
Guideline: https://docs.prismacloud.io/en/enterprise-edition/policy-reference/aws-policies/aws-logging-policies/bc-aws-324

		24 | resource &quot;aws_rds_cluster&quot; &quot;aurora&quot; {
		25 |   cluster_identifier = &quot;mi-app-aurora-cluster&quot;
		26 |   engine             = &quot;aurora-mysql&quot;
		27 | 
		28 |   # Si quieres versión automática no pongas engine_version.
		29 |   # engine_version = &quot;8.0.mysql_aurora.3.05.2&quot;
		30 | 
		31 |   availability_zones     = var.availability_zones
		32 |   database_name          = &quot;miAppDB&quot;
		33 |   master_username        = var.db_username
		34 |   master_password        = random_password.db.result
		35 |   db_subnet_group_name   = aws_db_subnet_group.aurora.name
		36 |   vpc_security_group_ids = [aws_security_group.rds.id]
		37 |   skip_final_snapshot    = true
		38 |   storage_encrypted      = true
		39 | 
		40 |   # ACTIVAR SERVERLESS V2
		41 |   serverlessv2_scaling_configuration {
		42 |     min_capacity = 0.5
		43 |     max_capacity = 4
		44 |   }
		45 | 
		46 |   depends_on = [
		47 |     aws_secretsmanager_secret_version.db
		48 |   ]
		49 | 
		50 |   tags = {
		51 |     Name = &quot;mi-app-aurora-cluster&quot;
		52 |   }
		53 | }
</failure>
		</testcase>
		<testcase name="[NONE][CKV_AWS_139] Ensure that RDS clusters have deletion protection enabled" classname="/database.tf.aws_rds_cluster.aurora" file="/database.tf">
			<failure type="failure" message="Ensure that RDS clusters have deletion protection enabled">
Resource: aws_rds_cluster.aurora
File: /database.tf: 24-53
Guideline: https://docs.prismacloud.io/en/enterprise-edition/policy-reference/aws-policies/aws-general-policies/ensure-that-rds-clusters-and-instances-have-deletion-protection-enabled

		24 | resource &quot;aws_rds_cluster&quot; &quot;aurora&quot; {
		25 |   cluster_identifier = &quot;mi-app-aurora-cluster&quot;
		26 |   engine             = &quot;aurora-mysql&quot;
		27 | 
		28 |   # Si quieres versión automática no pongas engine_version.
		29 |   # engine_version = &quot;8.0.mysql_aurora.3.05.2&quot;
		30 | 
		31 |   availability_zones     = var.availability_zones
		32 |   database_name          = &quot;miAppDB&quot;
		33 |   master_username        = var.db_username
		34 |   master_password        = random_password.db.result
		35 |   db_subnet_group_name   = aws_db_subnet_group.aurora.name
		36 |   vpc_security_group_ids = [aws_security_group.rds.id]
		37 |   skip_final_snapshot    = true
		38 |   storage_encrypted      = true
		39 | 
		40 |   # ACTIVAR SERVERLESS V2
		41 |   serverlessv2_scaling_configuration {
		42 |     min_capacity = 0.5
		43 |     max_capacity = 4
		44 |   }
		45 | 
		46 |   depends_on = [
		47 |     aws_secretsmanager_secret_version.db
		48 |   ]
		49 | 
		50 |   tags = {
		51 |     Name = &quot;mi-app-aurora-cluster&quot;
		52 |   }
		53 | }
</failure>
		</testcase>
		<testcase name="[NONE][CKV_AWS_162] Ensure RDS cluster has IAM authentication enabled" classname="/database.tf.aws_rds_cluster.aurora" file="/database.tf">
			<failure type="failure" message="Ensure RDS cluster has IAM authentication enabled">
Resource: aws_rds_cluster.aurora
File: /database.tf: 24-53
Guideline: https://docs.prismacloud.io/en/enterprise-edition/policy-reference/aws-policies/aws-iam-policies/ensure-rds-cluster-has-iam-authentication-enabled

		24 | resource &quot;aws_rds_cluster&quot; &quot;aurora&quot; {
		25 |   cluster_identifier = &quot;mi-app-aurora-cluster&quot;
		26 |   engine             = &quot;aurora-mysql&quot;
		27 | 
		28 |   # Si quieres versión automática no pongas engine_version.
		29 |   # engine_version = &quot;8.0.mysql_aurora.3.05.2&quot;
		30 | 
		31 |   availability_zones     = var.availability_zones
		32 |   database_name          = &quot;miAppDB&quot;
		33 |   master_username        = var.db_username
		34 |   master_password        = random_password.db.result
		35 |   db_subnet_group_name   = aws_db_subnet_group.aurora.name
		36 |   vpc_security_group_ids = [aws_security_group.rds.id]
		37 |   skip_final_snapshot    = true
		38 |   storage_encrypted      = true
		39 | 
		40 |   # ACTIVAR SERVERLESS V2
		41 |   serverlessv2_scaling_configuration {
		42 |     min_capacity = 0.5
		43 |     max_capacity = 4
		44 |   }
		45 | 
		46 |   depends_on = [
		47 |     aws_secretsmanager_secret_version.db
		48 |   ]
		49 | 
		50 |   tags = {
		51 |     Name = &quot;mi-app-aurora-cluster&quot;
		52 |   }
		53 | }
</failure>
		</testcase>
		<testcase name="[NONE][CKV_AWS_313] Ensure RDS cluster configured to copy tags to snapshots" classname="/database.tf.aws_rds_cluster.aurora" file="/database.tf">
			<failure type="failure" message="Ensure RDS cluster configured to copy tags to snapshots">
Resource: aws_rds_cluster.aurora
File: /database.tf: 24-53
Guideline: https://docs.prismacloud.io/en/enterprise-edition/policy-reference/aws-policies/aws-general-policies/bc-aws-313

		24 | resource &quot;aws_rds_cluster&quot; &quot;aurora&quot; {
		25 |   cluster_identifier = &quot;mi-app-aurora-cluster&quot;
		26 |   engine             = &quot;aurora-mysql&quot;
		27 | 
		28 |   # Si quieres versión automática no pongas engine_version.
		29 |   # engine_version = &quot;8.0.mysql_aurora.3.05.2&quot;
		30 | 
		31 |   availability_zones     = var.availability_zones
		32 |   database_name          = &quot;miAppDB&quot;
		33 |   master_username        = var.db_username
		34 |   master_password        = random_password.db.result
		35 |   db_subnet_group_name   = aws_db_subnet_group.aurora.name
		36 |   vpc_security_group_ids = [aws_security_group.rds.id]
		37 |   skip_final_snapshot    = true
		38 |   storage_encrypted      = true
		39 | 
		40 |   # ACTIVAR SERVERLESS V2
		41 |   serverlessv2_scaling_configuration {
		42 |     min_capacity = 0.5
		43 |     max_capacity = 4
		44 |   }
		45 | 
		46 |   depends_on = [
		47 |     aws_secretsmanager_secret_version.db
		48 |   ]
		49 | 
		50 |   tags = {
		51 |     Name = &quot;mi-app-aurora-cluster&quot;
		52 |   }
		53 | }
</failure>
		</testcase>
		<testcase name="[NONE][CKV_AWS_353] Ensure that RDS instances have performance insights enabled" classname="/database.tf.aws_rds_cluster_instance.aurora[0]" file="/database.tf">
			<failure type="failure" message="Ensure that RDS instances have performance insights enabled">
Resource: aws_rds_cluster_instance.aurora[0]
File: /database.tf: 56-70
Guideline: https://docs.prismacloud.io/en/enterprise-edition/policy-reference/aws-policies/aws-logging-policies/bc-aws-353

		56 | resource &quot;aws_rds_cluster_instance&quot; &quot;aurora&quot; {
		57 |   count              = 2
		58 |   cluster_identifier = aws_rds_cluster.aurora.id
		59 |   identifier         = &quot;mi-app-aurora-instance-${count.index}&quot;
		60 | 
		61 |   # Instancia compatible con Serverless v2
		62 |   instance_class = &quot;db.serverless&quot;
		63 | 
		64 |   engine         = aws_rds_cluster.aurora.engine
		65 |   engine_version = aws_rds_cluster.aurora.engine_version
		66 | 
		67 |   tags = {
		68 |     Name = &quot;mi-app-aurora-instance-${count.index}&quot;
		69 |   }
		70 | }
</failure>
		</testcase>
		<testcase name="[NONE][CKV_AWS_226] Ensure DB instance gets all minor upgrades automatically" classname="/database.tf.aws_rds_cluster_instance.aurora[0]" file="/database.tf">
			<failure type="failure" message="Ensure DB instance gets all minor upgrades automatically">
Resource: aws_rds_cluster_instance.aurora[0]
File: /database.tf: 56-70
Guideline: https://docs.prismacloud.io/en/enterprise-edition/policy-reference/aws-policies/aws-general-policies/ensure-aws-db-instance-gets-all-minor-upgrades-automatically

		56 | resource &quot;aws_rds_cluster_instance&quot; &quot;aurora&quot; {
		57 |   count              = 2
		58 |   cluster_identifier = aws_rds_cluster.aurora.id
		59 |   identifier         = &quot;mi-app-aurora-instance-${count.index}&quot;
		60 | 
		61 |   # Instancia compatible con Serverless v2
		62 |   instance_class = &quot;db.serverless&quot;
		63 | 
		64 |   engine         = aws_rds_cluster.aurora.engine
		65 |   engine_version = aws_rds_cluster.aurora.engine_version
		66 | 
		67 |   tags = {
		68 |     Name = &quot;mi-app-aurora-instance-${count.index}&quot;
		69 |   }
		70 | }
</failure>
		</testcase>
		<testcase name="[NONE][CKV_AWS_118] Ensure that enhanced monitoring is enabled for Amazon RDS instances" classname="/database.tf.aws_rds_cluster_instance.aurora[0]" file="/database.tf">
			<failure type="failure" message="Ensure that enhanced monitoring is enabled for Amazon RDS instances">
Resource: aws_rds_cluster_instance.aurora[0]
File: /database.tf: 56-70
Guideline: https://docs.prismacloud.io/en/enterprise-edition/policy-reference/aws-policies/aws-logging-policies/ensure-that-enhanced-monitoring-is-enabled-for-amazon-rds-instances

		56 | resource &quot;aws_rds_cluster_instance&quot; &quot;aurora&quot; {
		57 |   count              = 2
		58 |   cluster_identifier = aws_rds_cluster.aurora.id
		59 |   identifier         = &quot;mi-app-aurora-instance-${count.index}&quot;
		60 | 
		61 |   # Instancia compatible con Serverless v2
		62 |   instance_class = &quot;db.serverless&quot;
		63 | 
		64 |   engine         = aws_rds_cluster.aurora.engine
		65 |   engine_version = aws_rds_cluster.aurora.engine_version
		66 | 
		67 |   tags = {
		68 |     Name = &quot;mi-app-aurora-instance-${count.index}&quot;
		69 |   }
		70 | }
</failure>
		</testcase>
		<testcase name="[NONE][CKV_AWS_353] Ensure that RDS instances have performance insights enabled" classname="/database.tf.aws_rds_cluster_instance.aurora[1]" file="/database.tf">
			<failure type="failure" message="Ensure that RDS instances have performance insights enabled">
Resource: aws_rds_cluster_instance.aurora[1]
File: /database.tf: 56-70
Guideline: https://docs.prismacloud.io/en/enterprise-edition/policy-reference/aws-policies/aws-logging-policies/bc-aws-353

		56 | resource &quot;aws_rds_cluster_instance&quot; &quot;aurora&quot; {
		57 |   count              = 2
		58 |   cluster_identifier = aws_rds_cluster.aurora.id
		59 |   identifier         = &quot;mi-app-aurora-instance-${count.index}&quot;
		60 | 
		61 |   # Instancia compatible con Serverless v2
		62 |   instance_class = &quot;db.serverless&quot;
		63 | 
		64 |   engine         = aws_rds_cluster.aurora.engine
		65 |   engine_version = aws_rds_cluster.aurora.engine_version
		66 | 
		67 |   tags = {
		68 |     Name = &quot;mi-app-aurora-instance-${count.index}&quot;
		69 |   }
		70 | }
</failure>
		</testcase>
		<testcase name="[NONE][CKV_AWS_226] Ensure DB instance gets all minor upgrades automatically" classname="/database.tf.aws_rds_cluster_instance.aurora[1]" file="/database.tf">
			<failure type="failure" message="Ensure DB instance gets all minor upgrades automatically">
Resource: aws_rds_cluster_instance.aurora[1]
File: /database.tf: 56-70
Guideline: https://docs.prismacloud.io/en/enterprise-edition/policy-reference/aws-policies/aws-general-policies/ensure-aws-db-instance-gets-all-minor-upgrades-automatically

		56 | resource &quot;aws_rds_cluster_instance&quot; &quot;aurora&quot; {
		57 |   count              = 2
		58 |   cluster_identifier = aws_rds_cluster.aurora.id
		59 |   identifier         = &quot;mi-app-aurora-instance-${count.index}&quot;
		60 | 
		61 |   # Instancia compatible con Serverless v2
		62 |   instance_class = &quot;db.serverless&quot;
		63 | 
		64 |   engine         = aws_rds_cluster.aurora.engine
		65 |   engine_version = aws_rds_cluster.aurora.engine_version
		66 | 
		67 |   tags = {
		68 |     Name = &quot;mi-app-aurora-instance-${count.index}&quot;
		69 |   }
		70 | }
</failure>
		</testcase>
		<testcase name="[NONE][CKV_AWS_118] Ensure that enhanced monitoring is enabled for Amazon RDS instances" classname="/database.tf.aws_rds_cluster_instance.aurora[1]" file="/database.tf">
			<failure type="failure" message="Ensure that enhanced monitoring is enabled for Amazon RDS instances">
Resource: aws_rds_cluster_instance.aurora[1]
File: /database.tf: 56-70
Guideline: https://docs.prismacloud.io/en/enterprise-edition/policy-reference/aws-policies/aws-logging-policies/ensure-that-enhanced-monitoring-is-enabled-for-amazon-rds-instances

		56 | resource &quot;aws_rds_cluster_instance&quot; &quot;aurora&quot; {
		57 |   count              = 2
		58 |   cluster_identifier = aws_rds_cluster.aurora.id
		59 |   identifier         = &quot;mi-app-aurora-instance-${count.index}&quot;
		60 | 
		61 |   # Instancia compatible con Serverless v2
		62 |   instance_class = &quot;db.serverless&quot;
		63 | 
		64 |   engine         = aws_rds_cluster.aurora.engine
		65 |   engine_version = aws_rds_cluster.aurora.engine_version
		66 | 
		67 |   tags = {
		68 |     Name = &quot;mi-app-aurora-instance-${count.index}&quot;
		69 |   }
		70 | }
</failure>
		</testcase>
		<testcase name="[NONE][CKV_AWS_65] Ensure container insights are enabled on ECS cluster" classname="/ecs.tf.aws_ecs_cluster.main" file="/ecs.tf">
			<failure type="failure" message="Ensure container insights are enabled on ECS cluster">
Resource: aws_ecs_cluster.main
File: /ecs.tf: 3-9
Guideline: https://docs.prismacloud.io/en/enterprise-edition/policy-reference/aws-policies/aws-logging-policies/bc-aws-logging-11

		3 | resource &quot;aws_ecs_cluster&quot; &quot;main&quot; {
		4 |   name = &quot;mi-app-cluster&quot;
		5 | 
		6 |   tags = {
		7 |     Name = &quot;mi-app-cluster&quot;
		8 |   }
		9 | }
</failure>
		</testcase>
		<testcase name="[NONE][CKV_AWS_338] Ensure CloudWatch log groups retains logs for at least 1 year" classname="/ecs.tf.aws_cloudwatch_log_group.api" file="/ecs.tf">
			<failure type="failure" message="Ensure CloudWatch log groups retains logs for at least 1 year">
Resource: aws_cloudwatch_log_group.api
File: /ecs.tf: 12-19
Guideline: https://docs.prismacloud.io/en/enterprise-edition/policy-reference/aws-policies/aws-logging-policies/bc-aws-338

		12 | resource &quot;aws_cloudwatch_log_group&quot; &quot;api&quot; {
		13 |   name = &quot;/ecs/mi-app-api&quot;
		14 |   retention_in_days = 7 # Guarda logs por 7 días
		15 | 
		16 |   tags = {
		17 |     Name = &quot;log-group-api&quot;
		18 |   }
		19 | }
</failure>
		</testcase>
		<testcase name="[NONE][CKV_AWS_158] Ensure that CloudWatch Log Group is encrypted by KMS" classname="/ecs.tf.aws_cloudwatch_log_group.api" file="/ecs.tf">
			<failure type="failure" message="Ensure that CloudWatch Log Group is encrypted by KMS">
Resource: aws_cloudwatch_log_group.api
File: /ecs.tf: 12-19
Guideline: https://docs.prismacloud.io/en/enterprise-edition/policy-reference/aws-policies/aws-general-policies/ensure-that-cloudwatch-log-group-is-encrypted-by-kms

		12 | resource &quot;aws_cloudwatch_log_group&quot; &quot;api&quot; {
		13 |   name = &quot;/ecs/mi-app-api&quot;
		14 |   retention_in_days = 7 # Guarda logs por 7 días
		15 | 
		16 |   tags = {
		17 |     Name = &quot;log-group-api&quot;
		18 |   }
		19 | }
</failure>
		</testcase>
		<testcase name="[NONE][CKV_AWS_338] Ensure CloudWatch log groups retains logs for at least 1 year" classname="/ecs.tf.aws_cloudwatch_log_group.worker" file="/ecs.tf">
			<failure type="failure" message="Ensure CloudWatch log groups retains logs for at least 1 year">
Resource: aws_cloudwatch_log_group.worker
File: /ecs.tf: 21-28
Guideline: https://docs.prismacloud.io/en/enterprise-edition/policy-reference/aws-policies/aws-logging-policies/bc-aws-338

		21 | resource &quot;aws_cloudwatch_log_group&quot; &quot;worker&quot; {
		22 |   name = &quot;/ecs/mi-app-worker&quot;
		23 |   retention_in_days = 7
		24 | 
		25 |   tags = {
		26 |     Name = &quot;log-group-worker&quot;
		27 |   }
		28 | }
</failure>
		</testcase>
		<testcase name="[NONE][CKV_AWS_158] Ensure that CloudWatch Log Group is encrypted by KMS" classname="/ecs.tf.aws_cloudwatch_log_group.worker" file="/ecs.tf">
			<failure type="failure" message="Ensure that CloudWatch Log Group is encrypted by KMS">
Resource: aws_cloudwatch_log_group.worker
File: /ecs.tf: 21-28
Guideline: https://docs.prismacloud.io/en/enterprise-edition/policy-reference/aws-policies/aws-general-policies/ensure-that-cloudwatch-log-group-is-encrypted-by-kms

		21 | resource &quot;aws_cloudwatch_log_group&quot; &quot;worker&quot; {
		22 |   name = &quot;/ecs/mi-app-worker&quot;
		23 |   retention_in_days = 7
		24 | 
		25 |   tags = {
		26 |     Name = &quot;log-group-worker&quot;
		27 |   }
		28 | }
</failure>
		</testcase>
		<testcase name="[NONE][CKV_AWS_336] Ensure ECS containers are limited to read-only access to root filesystems" classname="/ecs.tf.aws_ecs_task_definition.worker" file="/ecs.tf">
			<failure type="failure" message="Ensure ECS containers are limited to read-only access to root filesystems">
Resource: aws_ecs_task_definition.worker
File: /ecs.tf: 87-131
Guideline: https://docs.prismacloud.io/en/enterprise-edition/policy-reference/aws-policies/aws-general-policies/bc-aws-336

		87  | resource &quot;aws_ecs_task_definition&quot; &quot;worker&quot; {
		88  |   family                   = &quot;mi-app-worker&quot;
		89  |   network_mode             = &quot;awsvpc&quot;
		90  |   requires_compatibilities = [&quot;FARGATE&quot;]
		91  |   cpu                      = 256  # 0.25 vCPU
		92  |   memory                   = 512  # 0.5 GB RAM
		93  | 
		94  |   execution_role_arn = aws_iam_role.ecs_execution_role.arn
		95  |   task_role_arn      = aws_iam_role.worker_task_role.arn
		96  | 
		97  |   container_definitions = jsonencode([
		98  |     {
		99  |       name      = &quot;mi-app-worker-container&quot;
		100 |       image     = var.worker_image_uri
		101 |       essential = true
		102 | 
		103 |       # Sin portMappings, porque no recibe tráfico entrante.
		104 | 
		105 |       logConfiguration = {
		106 |         logDriver = &quot;awslogs&quot;
		107 |         options = {
		108 |           &quot;awslogs-group&quot;         = aws_cloudwatch_log_group.worker.name
		109 |           &quot;awslogs-region&quot;        = var.aws_region
		110 |           &quot;awslogs-stream-prefix&quot; = &quot;worker&quot;
		111 |         }
		112 |       }
		113 | 
		114 |       environment = [
		115 |         { name = &quot;SPRING_DATASOURCE_URL&quot;, value = &quot;jdbc:mysql://${aws_rds_cluster.aurora.endpoint}:3306/${aws_rds_cluster.aurora.database_name}&quot; },
		116 |         { name = &quot;SQS_QUEUE_URL&quot;, value = aws_sqs_queue.reservas_queue.id }
		117 |       ]
		118 | 
		119 |       secrets = [
		120 |         {
		121 |           name      = &quot;SPRING_DATASOURCE_USERNAME&quot;,
		122 |           valueFrom = &quot;arn:aws:ssm:${var.aws_region}:${data.aws_caller_identity.current.account_id}:parameter/${var.db_username}&quot;
		123 |         },
		124 |         {
		125 |           name      = &quot;SPRING_DATASOURCE_PASSWORD&quot;,
		126 |           valueFrom = aws_secretsmanager_secret.db.arn
		127 |         }
		128 |       ]
		129 |     }
		130 |   ])
		131 | }
</failure>
		</testcase>
		<testcase name="[NONE][CKV_AWS_86] Ensure CloudFront distribution has Access Logging enabled" classname="/frontend.tf.aws_cloudfront_distribution.main" file="/frontend.tf">
			<failure type="failure" message="Ensure CloudFront distribution has Access Logging enabled">
Resource: aws_cloudfront_distribution.main
File: /frontend.tf: 50-143
Guideline: https://docs.prismacloud.io/en/enterprise-edition/policy-reference/aws-policies/aws-logging-policies/logging-20

		Code lines for this resource are too many. Please use IDE of your choice to review the file.</failure>
		</testcase>
		<testcase name="[NONE][CKV_AWS_68] CloudFront Distribution should have WAF enabled" classname="/frontend.tf.aws_cloudfront_distribution.main" file="/frontend.tf">
			<failure type="failure" message="CloudFront Distribution should have WAF enabled">
Resource: aws_cloudfront_distribution.main
File: /frontend.tf: 50-143
Guideline: https://docs.prismacloud.io/en/enterprise-edition/policy-reference/aws-policies/aws-general-policies/bc-aws-general-27

		Code lines for this resource are too many. Please use IDE of your choice to review the file.</failure>
		</testcase>
		<testcase name="[NONE][CKV_AWS_310] Ensure CloudFront distributions should have origin failover configured" classname="/frontend.tf.aws_cloudfront_distribution.main" file="/frontend.tf">
			<failure type="failure" message="Ensure CloudFront distributions should have origin failover configured">
Resource: aws_cloudfront_distribution.main
File: /frontend.tf: 50-143
Guideline: https://docs.prismacloud.io/en/enterprise-edition/policy-reference/aws-policies/aws-general-policies/bc-aws-310

		Code lines for this resource are too many. Please use IDE of your choice to review the file.</failure>
		</testcase>
		<testcase name="[NONE][CKV_AWS_374] Ensure AWS CloudFront web distribution has geo restriction enabled" classname="/frontend.tf.aws_cloudfront_distribution.main" file="/frontend.tf">
			<failure type="failure" message="Ensure AWS CloudFront web distribution has geo restriction enabled">
Resource: aws_cloudfront_distribution.main
File: /frontend.tf: 50-143
Guideline: https://docs.prismacloud.io/en/enterprise-edition/policy-reference/aws-policies/aws-networking-policies/bc-aws-374

		Code lines for this resource are too many. Please use IDE of your choice to review the file.</failure>
		</testcase>
		<testcase name="[NONE][CKV_AWS_174] Verify CloudFront Distribution Viewer Certificate is using TLS v1.2 or higher" classname="/frontend.tf.aws_cloudfront_distribution.main" file="/frontend.tf">
			<failure type="failure" message="Verify CloudFront Distribution Viewer Certificate is using TLS v1.2 or higher">
Resource: aws_cloudfront_distribution.main
File: /frontend.tf: 50-143
Guideline: https://docs.prismacloud.io/en/enterprise-edition/policy-reference/aws-policies/aws-networking-policies/bc-aws-networking-63

		Code lines for this resource are too many. Please use IDE of your choice to review the file.</failure>
		</testcase>
		<testcase name="[NONE][CKV_AWS_274] Disallow IAM roles, users, and groups from using the AWS AdministratorAccess policy" classname="/iam-oidc.tf.aws_iam_role_policy_attachment.apply_admin_access" file="/iam-oidc.tf">
			<failure type="failure" message="Disallow IAM roles, users, and groups from using the AWS AdministratorAccess policy">
Resource: aws_iam_role_policy_attachment.apply_admin_access
File: /iam-oidc.tf: 131-134
Guideline: https://docs.prismacloud.io/en/enterprise-edition/policy-reference/aws-policies/aws-iam-policies/bc-aws-274

		131 | resource &quot;aws_iam_role_policy_attachment&quot; &quot;apply_admin_access&quot; {
		132 |   role       = aws_iam_role.github_actions_apply.name
		133 |   policy_arn = &quot;arn:aws:iam::aws:policy/AdministratorAccess&quot;
		134 | }
</failure>
		</testcase>
		<testcase name="[NONE][CKV_AWS_274] Disallow IAM roles, users, and groups from using the AWS AdministratorAccess policy" classname="/iam-oidc.tf.aws_iam_role_policy_attachment.destroy_admin_access" file="/iam-oidc.tf">
			<failure type="failure" message="Disallow IAM roles, users, and groups from using the AWS AdministratorAccess policy">
Resource: aws_iam_role_policy_attachment.destroy_admin_access
File: /iam-oidc.tf: 172-175
Guideline: https://docs.prismacloud.io/en/enterprise-edition/policy-reference/aws-policies/aws-iam-policies/bc-aws-274

		172 | resource &quot;aws_iam_role_policy_attachment&quot; &quot;destroy_admin_access&quot; {
		173 |   role       = aws_iam_role.github_actions_destroy.name
		174 |   policy_arn = &quot;arn:aws:iam::aws:policy/AdministratorAccess&quot;
		175 | }
</failure>
		</testcase>
		<testcase name="[NONE][CKV_AWS_260] Ensure no security groups allow ingress from 0.0.0.0:0 to port 80" classname="/security.tf.aws_security_group.alb" file="/security.tf">
			<failure type="failure" message="Ensure no security groups allow ingress from 0.0.0.0:0 to port 80">
Resource: aws_security_group.alb
File: /security.tf: 3-35
Guideline: https://docs.prismacloud.io/en/enterprise-edition/policy-reference/aws-policies/aws-networking-policies/ensure-aws-security-groups-do-not-allow-ingress-from-00000-to-port-80

		3  | resource &quot;aws_security_group&quot; &quot;alb&quot; {
		4  |   name        = &quot;alb-sg&quot;
		5  |   description = &quot;Permite trafico HTTP/HTTPS al ALB&quot;
		6  |   vpc_id      = aws_vpc.main.id
		7  | 
		8  |   # Entrada: Permite HTTP (puerto 80) desde cualquier lugar.
		9  |   ingress {
		10 |     protocol    = &quot;tcp&quot;
		11 |     from_port   = 80
		12 |     to_port     = 80
		13 |     cidr_blocks = [&quot;0.0.0.0/0&quot;]
		14 |   }
		15 | 
		16 |   # Entrada: (Opcional) Habilitar para HTTPS más adelante.
		17 |   # ingress {
		18 |   #   protocol    = &quot;tcp&quot;
		19 |   #   from_port   = 443
		20 |   #   to_port     = 443
		21 |   #   cidr_blocks = [&quot;0.0.0.0/0&quot;]
		22 |   # }
		23 | 
		24 |   # Salida: Permite todo el tráfico saliente.
		25 |   egress {
		26 |     from_port   = 0
		27 |     to_port     = 0
		28 |     protocol    = &quot;-1&quot;
		29 |     cidr_blocks = [&quot;0.0.0.0/0&quot;]
		30 |   }
		31 | 
		32 |   tags = {
		33 |     Name = &quot;alb-sg&quot;
		34 |   }
		35 | }
</failure>
		</testcase>
		<testcase name="[NONE][CKV_AWS_382] Ensure no security groups allow egress from 0.0.0.0:0 to port -1" classname="/security.tf.aws_security_group.alb" file="/security.tf">
			<failure type="failure" message="Ensure no security groups allow egress from 0.0.0.0:0 to port -1">
Resource: aws_security_group.alb
File: /security.tf: 3-35
Guideline: https://docs.prismacloud.io/en/enterprise-edition/policy-reference/aws-policies/aws-networking-policies/bc-aws-382

		3  | resource &quot;aws_security_group&quot; &quot;alb&quot; {
		4  |   name        = &quot;alb-sg&quot;
		5  |   description = &quot;Permite trafico HTTP/HTTPS al ALB&quot;
		6  |   vpc_id      = aws_vpc.main.id
		7  | 
		8  |   # Entrada: Permite HTTP (puerto 80) desde cualquier lugar.
		9  |   ingress {
		10 |     protocol    = &quot;tcp&quot;
		11 |     from_port   = 80
		12 |     to_port     = 80
		13 |     cidr_blocks = [&quot;0.0.0.0/0&quot;]
		14 |   }
		15 | 
		16 |   # Entrada: (Opcional) Habilitar para HTTPS más adelante.
		17 |   # ingress {
		18 |   #   protocol    = &quot;tcp&quot;
		19 |   #   from_port   = 443
		20 |   #   to_port     = 443
		21 |   #   cidr_blocks = [&quot;0.0.0.0/0&quot;]
		22 |   # }
		23 | 
		24 |   # Salida: Permite todo el tráfico saliente.
		25 |   egress {
		26 |     from_port   = 0
		27 |     to_port     = 0
		28 |     protocol    = &quot;-1&quot;
		29 |     cidr_blocks = [&quot;0.0.0.0/0&quot;]
		30 |   }
		31 | 
		32 |   tags = {
		33 |     Name = &quot;alb-sg&quot;
		34 |   }
		35 | }
</failure>
		</testcase>
		<testcase name="[NONE][CKV_AWS_23] Ensure every security group and rule has a description" classname="/security.tf.aws_security_group.alb" file="/security.tf">
			<failure type="failure" message="Ensure every security group and rule has a description">
Resource: aws_security_group.alb
File: /security.tf: 3-35
Guideline: https://docs.prismacloud.io/en/enterprise-edition/policy-reference/aws-policies/aws-networking-policies/networking-31

		3  | resource &quot;aws_security_group&quot; &quot;alb&quot; {
		4  |   name        = &quot;alb-sg&quot;
		5  |   description = &quot;Permite trafico HTTP/HTTPS al ALB&quot;
		6  |   vpc_id      = aws_vpc.main.id
		7  | 
		8  |   # Entrada: Permite HTTP (puerto 80) desde cualquier lugar.
		9  |   ingress {
		10 |     protocol    = &quot;tcp&quot;
		11 |     from_port   = 80
		12 |     to_port     = 80
		13 |     cidr_blocks = [&quot;0.0.0.0/0&quot;]
		14 |   }
		15 | 
		16 |   # Entrada: (Opcional) Habilitar para HTTPS más adelante.
		17 |   # ingress {
		18 |   #   protocol    = &quot;tcp&quot;
		19 |   #   from_port   = 443
		20 |   #   to_port     = 443
		21 |   #   cidr_blocks = [&quot;0.0.0.0/0&quot;]
		22 |   # }
		23 | 
		24 |   # Salida: Permite todo el tráfico saliente.
		25 |   egress {
		26 |     from_port   = 0
		27 |     to_port     = 0
		28 |     protocol    = &quot;-1&quot;
		29 |     cidr_blocks = [&quot;0.0.0.0/0&quot;]
		30 |   }
		31 | 
		32 |   tags = {
		33 |     Name = &quot;alb-sg&quot;
		34 |   }
		35 | }
</failure>
		</testcase>
		<testcase name="[NONE][CKV_AWS_382] Ensure no security groups allow egress from 0.0.0.0:0 to port -1" classname="/security.tf.aws_security_group.fargate_api" file="/security.tf">
			<failure type="failure" message="Ensure no security groups allow egress from 0.0.0.0:0 to port -1">
Resource: aws_security_group.fargate_api
File: /security.tf: 39-64
Guideline: https://docs.prismacloud.io/en/enterprise-edition/policy-reference/aws-policies/aws-networking-policies/bc-aws-382

		39 | resource &quot;aws_security_group&quot; &quot;fargate_api&quot; {
		40 |   name        = &quot;fargate-api-sg&quot;
		41 |   description = &quot;Permite trafico desde el ALB al puerto de la app&quot;
		42 |   vpc_id      = aws_vpc.main.id
		43 | 
		44 |   # Entrada: Solo permite tráfico en el puerto de la app (8000)
		45 |   # Y *solamente* si viene del Security Group del ALB.
		46 |   ingress {
		47 |     protocol        = &quot;tcp&quot;
		48 |     from_port       = var.app_port
		49 |     to_port         = var.app_port
		50 |     security_groups = [aws_security_group.alb.id]
		51 |   }
		52 | 
		53 |   # Salida: Permite todo (para hablar con NAT-GW, SQS, RDS, Secrets Manager)
		54 |   egress {
		55 |     from_port   = 0
		56 |     to_port     = 0
		57 |     protocol    = &quot;-1&quot;
		58 |     cidr_blocks = [&quot;0.0.0.0/0&quot;]
		59 |   }
		60 | 
		61 |   tags = {
		62 |     Name = &quot;fargate-api-sg&quot;
		63 |   }
		64 | }
</failure>
		</testcase>
		<testcase name="[NONE][CKV_AWS_23] Ensure every security group and rule has a description" classname="/security.tf.aws_security_group.fargate_api" file="/security.tf">
			<failure type="failure" message="Ensure every security group and rule has a description">
Resource: aws_security_group.fargate_api
File: /security.tf: 39-64
Guideline: https://docs.prismacloud.io/en/enterprise-edition/policy-reference/aws-policies/aws-networking-policies/networking-31

		39 | resource &quot;aws_security_group&quot; &quot;fargate_api&quot; {
		40 |   name        = &quot;fargate-api-sg&quot;
		41 |   description = &quot;Permite trafico desde el ALB al puerto de la app&quot;
		42 |   vpc_id      = aws_vpc.main.id
		43 | 
		44 |   # Entrada: Solo permite tráfico en el puerto de la app (8000)
		45 |   # Y *solamente* si viene del Security Group del ALB.
		46 |   ingress {
		47 |     protocol        = &quot;tcp&quot;
		48 |     from_port       = var.app_port
		49 |     to_port         = var.app_port
		50 |     security_groups = [aws_security_group.alb.id]
		51 |   }
		52 | 
		53 |   # Salida: Permite todo (para hablar con NAT-GW, SQS, RDS, Secrets Manager)
		54 |   egress {
		55 |     from_port   = 0
		56 |     to_port     = 0
		57 |     protocol    = &quot;-1&quot;
		58 |     cidr_blocks = [&quot;0.0.0.0/0&quot;]
		59 |   }
		60 | 
		61 |   tags = {
		62 |     Name = &quot;fargate-api-sg&quot;
		63 |   }
		64 | }
</failure>
		</testcase>
		<testcase name="[NONE][CKV_AWS_382] Ensure no security groups allow egress from 0.0.0.0:0 to port -1" classname="/security.tf.aws_security_group.fargate_worker" file="/security.tf">
			<failure type="failure" message="Ensure no security groups allow egress from 0.0.0.0:0 to port -1">
Resource: aws_security_group.fargate_worker
File: /security.tf: 68-87
Guideline: https://docs.prismacloud.io/en/enterprise-edition/policy-reference/aws-policies/aws-networking-policies/bc-aws-382

		68 | resource &quot;aws_security_group&quot; &quot;fargate_worker&quot; {
		69 |   name        = &quot;fargate-worker-sg&quot;
		70 |   description = &quot;SG para el worker de SQS&quot;
		71 |   vpc_id      = aws_vpc.main.id
		72 | 
		73 |   # Entrada: SIN REGLAS. Nadie puede iniciar una conexión con él.
		74 |   # (Se vuelve &quot;stateful&quot; al permitir la salida).
		75 | 
		76 |   # Salida: Permite todo (para hablar con SQS, RDS, SES, Secrets Manager)
		77 |   egress {
		78 |     from_port   = 0
		79 |     to_port     = 0
		80 |     protocol    = &quot;-1&quot;
		81 |     cidr_blocks = [&quot;0.0.0.0/0&quot;]
		82 |   }
		83 | 
		84 |   tags = {
		85 |     Name = &quot;fargate-worker-sg&quot;
		86 |   }
		87 | }
</failure>
		</testcase>
		<testcase name="[NONE][CKV_AWS_23] Ensure every security group and rule has a description" classname="/security.tf.aws_security_group.fargate_worker" file="/security.tf">
			<failure type="failure" message="Ensure every security group and rule has a description">
Resource: aws_security_group.fargate_worker
File: /security.tf: 68-87
Guideline: https://docs.prismacloud.io/en/enterprise-edition/policy-reference/aws-policies/aws-networking-policies/networking-31

		68 | resource &quot;aws_security_group&quot; &quot;fargate_worker&quot; {
		69 |   name        = &quot;fargate-worker-sg&quot;
		70 |   description = &quot;SG para el worker de SQS&quot;
		71 |   vpc_id      = aws_vpc.main.id
		72 | 
		73 |   # Entrada: SIN REGLAS. Nadie puede iniciar una conexión con él.
		74 |   # (Se vuelve &quot;stateful&quot; al permitir la salida).
		75 | 
		76 |   # Salida: Permite todo (para hablar con SQS, RDS, SES, Secrets Manager)
		77 |   egress {
		78 |     from_port   = 0
		79 |     to_port     = 0
		80 |     protocol    = &quot;-1&quot;
		81 |     cidr_blocks = [&quot;0.0.0.0/0&quot;]
		82 |   }
		83 | 
		84 |   tags = {
		85 |     Name = &quot;fargate-worker-sg&quot;
		86 |   }
		87 | }
</failure>
		</testcase>
		<testcase name="[NONE][CKV_AWS_382] Ensure no security groups allow egress from 0.0.0.0:0 to port -1" classname="/security.tf.aws_security_group.rds" file="/security.tf">
			<failure type="failure" message="Ensure no security groups allow egress from 0.0.0.0:0 to port -1">
Resource: aws_security_group.rds
File: /security.tf: 91-120
Guideline: https://docs.prismacloud.io/en/enterprise-edition/policy-reference/aws-policies/aws-networking-policies/bc-aws-382

		91  | resource &quot;aws_security_group&quot; &quot;rds&quot; {
		92  |   name        = &quot;rds-aurora-sg&quot;
		93  |   description = &quot;Permite conexiones a Aurora solo desde Fargate&quot;
		94  |   vpc_id      = aws_vpc.main.id
		95  | 
		96  |   # Entrada: Permite el puerto de Aurora (3306) SOLO desde
		97  |   # el SG de la API y el SG del Worker.
		98  |   ingress {
		99  |     protocol        = &quot;tcp&quot;
		100 |     from_port       = 3306
		101 |     to_port         = 3306
		102 |     security_groups = [
		103 |       aws_security_group.fargate_api.id,
		104 |       aws_security_group.fargate_worker.id
		105 |     ]
		106 |   }
		107 | 
		108 |   # Salida: (Opcional, pero buena práctica) Limitar salida si es necesario.
		109 |   # Por ahora, permitir todo está bien ya que está en subred privada.
		110 |   egress {
		111 |     from_port   = 0
		112 |     to_port     = 0
		113 |     protocol    = &quot;-1&quot;
		114 |     cidr_blocks = [&quot;0.0.0.0/0&quot;]
		115 |   }
		116 | 
		117 |   tags = {
		118 |     Name = &quot;rds-aurora-sg&quot;
		119 |   }
		120 | }</failure>
		</testcase>
		<testcase name="[NONE][CKV_AWS_23] Ensure every security group and rule has a description" classname="/security.tf.aws_security_group.rds" file="/security.tf">
			<failure type="failure" message="Ensure every security group and rule has a description">
Resource: aws_security_group.rds
File: /security.tf: 91-120
Guideline: https://docs.prismacloud.io/en/enterprise-edition/policy-reference/aws-policies/aws-networking-policies/networking-31

		91  | resource &quot;aws_security_group&quot; &quot;rds&quot; {
		92  |   name        = &quot;rds-aurora-sg&quot;
		93  |   description = &quot;Permite conexiones a Aurora solo desde Fargate&quot;
		94  |   vpc_id      = aws_vpc.main.id
		95  | 
		96  |   # Entrada: Permite el puerto de Aurora (3306) SOLO desde
		97  |   # el SG de la API y el SG del Worker.
		98  |   ingress {
		99  |     protocol        = &quot;tcp&quot;
		100 |     from_port       = 3306
		101 |     to_port         = 3306
		102 |     security_groups = [
		103 |       aws_security_group.fargate_api.id,
		104 |       aws_security_group.fargate_worker.id
		105 |     ]
		106 |   }
		107 | 
		108 |   # Salida: (Opcional, pero buena práctica) Limitar salida si es necesario.
		109 |   # Por ahora, permitir todo está bien ya que está en subred privada.
		110 |   egress {
		111 |     from_port   = 0
		112 |     to_port     = 0
		113 |     protocol    = &quot;-1&quot;
		114 |     cidr_blocks = [&quot;0.0.0.0/0&quot;]
		115 |   }
		116 | 
		117 |   tags = {
		118 |     Name = &quot;rds-aurora-sg&quot;
		119 |   }
		120 | }</failure>
		</testcase>
		<testcase name="[NONE][CKV_AWS_27] Ensure all data stored in the SQS queue is encrypted" classname="/sqs.tf.aws_sqs_queue.reservas_dlq" file="/sqs.tf">
			<failure type="failure" message="Ensure all data stored in the SQS queue is encrypted">
Resource: aws_sqs_queue.reservas_dlq
File: /sqs.tf: 3-9
Guideline: https://docs.prismacloud.io/en/enterprise-edition/policy-reference/aws-policies/aws-general-policies/general-16-encrypt-sqs-queue

		3 | resource &quot;aws_sqs_queue&quot; &quot;reservas_dlq&quot; {
		4 |   name = &quot;reservas-dlq&quot;
		5 | 
		6 |   tags = {
		7 |     Name = &quot;reservas-dlq&quot;
		8 |   }
		9 | }
</failure>
		</testcase>
		<testcase name="[NONE][CKV_AWS_27] Ensure all data stored in the SQS queue is encrypted" classname="/sqs.tf.aws_sqs_queue.reservas_queue" file="/sqs.tf">
			<failure type="failure" message="Ensure all data stored in the SQS queue is encrypted">
Resource: aws_sqs_queue.reservas_queue
File: /sqs.tf: 12-25
Guideline: https://docs.prismacloud.io/en/enterprise-edition/policy-reference/aws-policies/aws-general-policies/general-16-encrypt-sqs-queue

		12 | resource &quot;aws_sqs_queue&quot; &quot;reservas_queue&quot; {
		13 |   name = &quot;reservas-queue&quot;
		14 | 
		15 |   # Política de &quot;Redrive&quot;: Después de 3 intentos fallidos (maxReceiveCounts),
		16 |   # mueve el mensaje a la DLQ.
		17 |   redrive_policy = jsonencode({
		18 |     deadLetterTargetArn = aws_sqs_queue.reservas_dlq.arn
		19 |     maxReceiveCount    = 3
		20 |   })
		21 | 
		22 |   tags = {
		23 |     Name = &quot;reservas-queue&quot;
		24 |   }
		25 | }</failure>
		</testcase>
		<testcase name="[NONE][CKV_AWS_130] Ensure VPC subnets do not assign public IP by default" classname="/vpc.tf.aws_subnet.public[0]" file="/vpc.tf">
			<failure type="failure" message="Ensure VPC subnets do not assign public IP by default">
Resource: aws_subnet.public[0]
File: /vpc.tf: 14-24
Guideline: https://docs.prismacloud.io/en/enterprise-edition/policy-reference/aws-policies/aws-networking-policies/ensure-vpc-subnets-do-not-assign-public-ip-by-default

		14 | resource &quot;aws_subnet&quot; &quot;public&quot; {
		15 |   count                   = length(var.public_subnets_cidr)
		16 |   vpc_id                  = aws_vpc.main.id
		17 |   cidr_block              = var.public_subnets_cidr[count.index]
		18 |   availability_zone       = var.availability_zones[count.index]
		19 |   map_public_ip_on_launch = true # Importante para subredes públicas
		20 | 
		21 |   tags = {
		22 |     Name = &quot;public-subnet-${count.index + 1}&quot;
		23 |   }
		24 | }
</failure>
		</testcase>
		<testcase name="[NONE][CKV_AWS_130] Ensure VPC subnets do not assign public IP by default" classname="/vpc.tf.aws_subnet.public[1]" file="/vpc.tf">
			<failure type="failure" message="Ensure VPC subnets do not assign public IP by default">
Resource: aws_subnet.public[1]
File: /vpc.tf: 14-24
Guideline: https://docs.prismacloud.io/en/enterprise-edition/policy-reference/aws-policies/aws-networking-policies/ensure-vpc-subnets-do-not-assign-public-ip-by-default

		14 | resource &quot;aws_subnet&quot; &quot;public&quot; {
		15 |   count                   = length(var.public_subnets_cidr)
		16 |   vpc_id                  = aws_vpc.main.id
		17 |   cidr_block              = var.public_subnets_cidr[count.index]
		18 |   availability_zone       = var.availability_zones[count.index]
		19 |   map_public_ip_on_launch = true # Importante para subredes públicas
		20 | 
		21 |   tags = {
		22 |     Name = &quot;public-subnet-${count.index + 1}&quot;
		23 |   }
		24 | }
</failure>
		</testcase>
		<testcase name="[NONE][CKV2_AWS_12] Ensure the default security group of every VPC restricts all traffic" classname="/vpc.tf.aws_vpc.main" file="/vpc.tf">
			<failure type="failure" message="Ensure the default security group of every VPC restricts all traffic">
Resource: aws_vpc.main
File: /vpc.tf: 2-10
Guideline: https://docs.prismacloud.io/en/enterprise-edition/policy-reference/aws-policies/aws-networking-policies/networking-4

		2  | resource &quot;aws_vpc&quot; &quot;main&quot; {
		3  |   cidr_block           = var.vpc_cidr
		4  |   enable_dns_support   = true
		5  |   enable_dns_hostnames = true
		6  | 
		7  |   tags = {
		8  |     Name = &quot;mi-app-vpc&quot;
		9  |   }
		10 | }
</failure>
		</testcase>
		<testcase name="[NONE][CKV2_AWS_57] Ensure Secrets Manager secrets should have automatic rotation enabled" classname="/database.tf.aws_secretsmanager_secret.db" file="/database.tf">
			<failure type="failure" message="Ensure Secrets Manager secrets should have automatic rotation enabled">
Resource: aws_secretsmanager_secret.db
File: /database.tf: 9-15
Guideline: https://docs.prismacloud.io/en/enterprise-edition/policy-reference/aws-policies/aws-general-policies/bc-aws-2-57

		9  | resource &quot;aws_secretsmanager_secret&quot; &quot;db&quot; {
		10 |   name = &quot;mi-app/db-password&quot;
		11 | 
		12 |   tags = {
		13 |     Name = &quot;Secreto de BD para mi-app&quot;
		14 |   }
		15 | }
</failure>
		</testcase>
		<testcase name="[NONE][CKV2_AWS_42] Ensure AWS CloudFront distribution uses custom SSL certificate" classname="/frontend.tf.aws_cloudfront_distribution.main" file="/frontend.tf">
			<failure type="failure" message="Ensure AWS CloudFront distribution uses custom SSL certificate">
Resource: aws_cloudfront_distribution.main
File: /frontend.tf: 50-143
Guideline: https://docs.prismacloud.io/en/enterprise-edition/policy-reference/aws-policies/aws-networking-policies/ensure-aws-cloudfront-distribution-uses-custom-ssl-certificate

		Code lines for this resource are too many. Please use IDE of your choice to review the file.</failure>
		</testcase>
		<testcase name="[NONE][CKV_AWS_18] Ensure the S3 bucket has access logging enabled" classname="/frontend.tf.aws_s3_bucket.frontend" file="/frontend.tf">
			<failure type="failure" message="Ensure the S3 bucket has access logging enabled">
Resource: aws_s3_bucket.frontend
File: /frontend.tf: 2-8
Guideline: https://docs.prismacloud.io/en/enterprise-edition/policy-reference/aws-policies/s3-policies/s3-13-enable-logging

		2 | resource &quot;aws_s3_bucket&quot; &quot;frontend&quot; {
		3 |   bucket = &quot;mi-app-frontend-bucket-${data.aws_caller_identity.current.account_id}&quot; # Nombre de bucket debe ser único globalmente
		4 | 
		5 |   tags = {
		6 |     Name = &quot;frontend-bucket&quot;
		7 |   }
		8 | }
</failure>
		</testcase>
		<testcase name="[NONE][CKV2_AWS_20] Ensure that ALB redirects HTTP requests into HTTPS ones" classname="/alb.tf.aws_lb.main" file="/alb.tf">
			<failure type="failure" message="Ensure that ALB redirects HTTP requests into HTTPS ones">
Resource: aws_lb.main
File: /alb.tf: 2-12
Guideline: https://docs.prismacloud.io/en/enterprise-edition/policy-reference/aws-policies/aws-networking-policies/ensure-that-alb-redirects-http-requests-into-https-ones

		2  | resource &quot;aws_lb&quot; &quot;main&quot; {
		3  |   name               = &quot;mi-app-alb&quot;
		4  |   internal           = false # Es público
		5  |   load_balancer_type = &quot;application&quot;
		6  |   security_groups    = [aws_security_group.alb.id] # El SG que ya creamos
		7  |   subnets            = aws_subnet.public.*.id      # Vive en las subredes PÚBLICAS
		8  | 
		9  |   tags = {
		10 |     Name = &quot;mi-app-alb&quot;
		11 |   }
		12 | }
</failure>
		</testcase>
		<testcase name="[NONE][CKV2_AWS_32] Ensure CloudFront distribution has a response headers policy attached" classname="/frontend.tf.aws_cloudfront_distribution.main" file="/frontend.tf">
			<failure type="failure" message="Ensure CloudFront distribution has a response headers policy attached">
Resource: aws_cloudfront_distribution.main
File: /frontend.tf: 50-143
Guideline: https://docs.prismacloud.io/en/enterprise-edition/policy-reference/aws-policies/aws-networking-policies/bc-aws-networking-65

		Code lines for this resource are too many. Please use IDE of your choice to review the file.</failure>
		</testcase>
		<testcase name="[NONE][CKV2_AWS_61] Ensure that an S3 bucket has a lifecycle configuration" classname="/frontend.tf.aws_s3_bucket.frontend" file="/frontend.tf">
			<failure type="failure" message="Ensure that an S3 bucket has a lifecycle configuration">
Resource: aws_s3_bucket.frontend
File: /frontend.tf: 2-8
Guideline: https://docs.prismacloud.io/en/enterprise-edition/policy-reference/aws-policies/aws-logging-policies/bc-aws-2-61

		2 | resource &quot;aws_s3_bucket&quot; &quot;frontend&quot; {
		3 |   bucket = &quot;mi-app-frontend-bucket-${data.aws_caller_identity.current.account_id}&quot; # Nombre de bucket debe ser único globalmente
		4 | 
		5 |   tags = {
		6 |     Name = &quot;frontend-bucket&quot;
		7 |   }
		8 | }
</failure>
		</testcase>
		<testcase name="[NONE][CKV_AWS_144] Ensure that S3 bucket has cross-region replication enabled" classname="/frontend.tf.aws_s3_bucket.frontend" file="/frontend.tf">
			<failure type="failure" message="Ensure that S3 bucket has cross-region replication enabled">
Resource: aws_s3_bucket.frontend
File: /frontend.tf: 2-8
Guideline: https://docs.prismacloud.io/en/enterprise-edition/policy-reference/aws-policies/aws-general-policies/ensure-that-s3-bucket-has-cross-region-replication-enabled

		2 | resource &quot;aws_s3_bucket&quot; &quot;frontend&quot; {
		3 |   bucket = &quot;mi-app-frontend-bucket-${data.aws_caller_identity.current.account_id}&quot; # Nombre de bucket debe ser único globalmente
		4 | 
		5 |   tags = {
		6 |     Name = &quot;frontend-bucket&quot;
		7 |   }
		8 | }
</failure>
		</testcase>
		<testcase name="[NONE][CKV_AWS_145] Ensure that S3 buckets are encrypted with KMS by default" classname="/frontend.tf.aws_s3_bucket.frontend" file="/frontend.tf">
[...]
		<testcase name="[NONE][CKV_GHA_4] Suspicious use of netcat with IP address" classname="/.github/workflows/terraform-apply.yml.jobs(terraform-apply).steps[1](Checkout)" file="/.github/workflows/terraform-apply.yml"/>
		<testcase name="[NONE][CKV_GHA_4] Suspicious use of netcat with IP address" classname="/.github/workflows/terraform-apply.yml.jobs(terraform-apply).steps[2](Configure AWS Credentials)" file="/.github/workflows/terraform-apply.yml"/>
		<testcase name="[NONE][CKV_GHA_4] Suspicious use of netcat with IP address" classname="/.github/workflows/terraform-apply.yml.jobs(terraform-apply).steps[3](Setup Terraform)" file="/.github/workflows/terraform-apply.yml"/>
		<testcase name="[NONE][CKV_GHA_4] Suspicious use of netcat with IP address" classname="/.github/workflows/terraform-apply.yml.jobs(terraform-apply).steps[4](Terraform Init)" file="/.github/workflows/terraform-apply.yml"/>
		<testcase name="[NONE][CKV_GHA_4] Suspicious use of netcat with IP address" classname="/.github/workflows/terraform-apply.yml.jobs(terraform-apply).steps[5](Terraform Apply)" file="/.github/workflows/terraform-apply.yml"/>
		<testcase name="[NONE][CKV_GHA_1] Ensure ACTIONS_ALLOW_UNSECURE_COMMANDS isn't true on environment variables" classname="/.github/workflows/terraform-apply.yml.jobs(terraform-apply).steps[1](Checkout)" file="/.github/workflows/terraform-apply.yml"/>
		<testcase name="[NONE][CKV_GHA_1] Ensure ACTIONS_ALLOW_UNSECURE_COMMANDS isn't true on environment variables" classname="/.github/workflows/terraform-apply.yml.jobs(terraform-apply).steps[2](Configure AWS Credentials)" file="/.github/workflows/terraform-apply.yml"/>
		<testcase name="[NONE][CKV_GHA_1] Ensure ACTIONS_ALLOW_UNSECURE_COMMANDS isn't true on environment variables" classname="/.github/workflows/terraform-apply.yml.jobs(terraform-apply).steps[3](Setup Terraform)" file="/.github/workflows/terraform-apply.yml"/>
		<testcase name="[NONE][CKV_GHA_1] Ensure ACTIONS_ALLOW_UNSECURE_COMMANDS isn't true on environment variables" classname="/.github/workflows/terraform-apply.yml.jobs(terraform-apply).steps[4](Terraform Init)" file="/.github/workflows/terraform-apply.yml"/>
		<testcase name="[NONE][CKV_GHA_1] Ensure ACTIONS_ALLOW_UNSECURE_COMMANDS isn't true on environment variables" classname="/.github/workflows/terraform-apply.yml.jobs(terraform-apply).steps[5](Terraform Apply)" file="/.github/workflows/terraform-apply.yml"/>
		<testcase name="[NONE][CKV_GHA_2] Ensure run commands are not vulnerable to shell injection" classname="/.github/workflows/terraform-apply.yml.jobs(terraform-apply).steps[1](Checkout)" file="/.github/workflows/terraform-apply.yml"/>
		<testcase name="[NONE][CKV_GHA_2] Ensure run commands are not vulnerable to shell injection" classname="/.github/workflows/terraform-apply.yml.jobs(terraform-apply).steps[2](Configure AWS Credentials)" file="/.github/workflows/terraform-apply.yml"/>
		<testcase name="[NONE][CKV_GHA_2] Ensure run commands are not vulnerable to shell injection" classname="/.github/workflows/terraform-apply.yml.jobs(terraform-apply).steps[3](Setup Terraform)" file="/.github/workflows/terraform-apply.yml"/>
		<testcase name="[NONE][CKV_GHA_2] Ensure run commands are not vulnerable to shell injection" classname="/.github/workflows/terraform-apply.yml.jobs(terraform-apply).steps[4](Terraform Init)" file="/.github/workflows/terraform-apply.yml"/>
		<testcase name="[NONE][CKV_GHA_2] Ensure run commands are not vulnerable to shell injection" classname="/.github/workflows/terraform-apply.yml.jobs(terraform-apply).steps[5](Terraform Apply)" file="/.github/workflows/terraform-apply.yml"/>
		<testcase name="[NONE][CKV_GHA_3] Suspicious use of curl with secrets" classname="/.github/workflows/terraform-apply.yml.jobs(terraform-apply).steps[1](Checkout)" file="/.github/workflows/terraform-apply.yml"/>
		<testcase name="[NONE][CKV_GHA_3] Suspicious use of curl with secrets" classname="/.github/workflows/terraform-apply.yml.jobs(terraform-apply).steps[2](Configure AWS Credentials)" file="/.github/workflows/terraform-apply.yml"/>
		<testcase name="[NONE][CKV_GHA_3] Suspicious use of curl with secrets" classname="/.github/workflows/terraform-apply.yml.jobs(terraform-apply).steps[3](Setup Terraform)" file="/.github/workflows/terraform-apply.yml"/>
		<testcase name="[NONE][CKV_GHA_3] Suspicious use of curl with secrets" classname="/.github/workflows/terraform-apply.yml.jobs(terraform-apply).steps[4](Terraform Init)" file="/.github/workflows/terraform-apply.yml"/>
		<testcase name="[NONE][CKV_GHA_3] Suspicious use of curl with secrets" classname="/.github/workflows/terraform-apply.yml.jobs(terraform-apply).steps[5](Terraform Apply)" file="/.github/workflows/terraform-apply.yml"/>
		<testcase name="[NONE][CKV_GHA_6] Found artifact build without evidence of cosign sbom attestation in pipeline" classname="/.github/workflows/terraform-destroy.yml.jobs" file="/.github/workflows/terraform-destroy.yml"/>
		<testcase name="[NONE][CKV_GHA_4] Suspicious use of netcat with IP address" classname="/.github/workflows/terraform-destroy.yml.jobs(terraform-destroy)" file="/.github/workflows/terraform-destroy.yml"/>
		<testcase name="[NONE][CKV_GHA_1] Ensure ACTIONS_ALLOW_UNSECURE_COMMANDS isn't true on environment variables" classname="/.github/workflows/terraform-destroy.yml.jobs(terraform-destroy)" file="/.github/workflows/terraform-destroy.yml"/>
		<testcase name="[NONE][CKV_GHA_2] Ensure run commands are not vulnerable to shell injection" classname="/.github/workflows/terraform-destroy.yml.jobs(terraform-destroy)" file="/.github/workflows/terraform-destroy.yml"/>
		<testcase name="[NONE][CKV_GHA_5] Found artifact build without evidence of cosign sign execution in pipeline" classname="/.github/workflows/terraform-destroy.yml.jobs" file="/.github/workflows/terraform-destroy.yml"/>
		<testcase name="[NONE][CKV_GHA_3] Suspicious use of curl with secrets" classname="/.github/workflows/terraform-destroy.yml.jobs(terraform-destroy)" file="/.github/workflows/terraform-destroy.yml"/>
		<testcase name="[NONE][CKV_GHA_7] The build output cannot be affected by user parameters other than the build entry point and the top-level source location. GitHub Actions workflow_dispatch inputs MUST be empty. " classname="/.github/workflows/terraform-destroy.yml.on(Terraform Destroy (Manual))" file="/.github/workflows/terraform-destroy.yml"/>
		<testcase name="[NONE][CKV_GHA_4] Suspicious use of netcat with IP address" classname="/.github/workflows/terraform-destroy.yml.jobs(terraform-destroy).steps[1](Checkout)" file="/.github/workflows/terraform-destroy.yml"/>
		<testcase name="[NONE][CKV_GHA_4] Suspicious use of netcat with IP address" classname="/.github/workflows/terraform-destroy.yml.jobs(terraform-destroy).steps[2](Configure AWS Credentials)" file="/.github/workflows/terraform-destroy.yml"/>
		<testcase name="[NONE][CKV_GHA_4] Suspicious use of netcat with IP address" classname="/.github/workflows/terraform-destroy.yml.jobs(terraform-destroy).steps[3](Setup Terraform)" file="/.github/workflows/terraform-destroy.yml"/>
		<testcase name="[NONE][CKV_GHA_4] Suspicious use of netcat with IP address" classname="/.github/workflows/terraform-destroy.yml.jobs(terraform-destroy).steps[4](Terraform Init)" file="/.github/workflows/terraform-destroy.yml"/>
		<testcase name="[NONE][CKV_GHA_4] Suspicious use of netcat with IP address" classname="/.github/workflows/terraform-destroy.yml.jobs(terraform-destroy).steps[5](Terraform Destroy)" file="/.github/workflows/terraform-destroy.yml"/>
		<testcase name="[NONE][CKV_GHA_1] Ensure ACTIONS_ALLOW_UNSECURE_COMMANDS isn't true on environment variables" classname="/.github/workflows/terraform-destroy.yml.jobs(terraform-destroy).steps[1](Checkout)" file="/.github/workflows/terraform-destroy.yml"/>
		<testcase name="[NONE][CKV_GHA_1] Ensure ACTIONS_ALLOW_UNSECURE_COMMANDS isn't true on environment variables" classname="/.github/workflows/terraform-destroy.yml.jobs(terraform-destroy).steps[2](Configure AWS Credentials)" file="/.github/workflows/terraform-destroy.yml"/>
		<testcase name="[NONE][CKV_GHA_1] Ensure ACTIONS_ALLOW_UNSECURE_COMMANDS isn't true on environment variables" classname="/.github/workflows/terraform-destroy.yml.jobs(terraform-destroy).steps[3](Setup Terraform)" file="/.github/workflows/terraform-destroy.yml"/>
		<testcase name="[NONE][CKV_GHA_1] Ensure ACTIONS_ALLOW_UNSECURE_COMMANDS isn't true on environment variables" classname="/.github/workflows/terraform-destroy.yml.jobs(terraform-destroy).steps[4](Terraform Init)" file="/.github/workflows/terraform-destroy.yml"/>
		<testcase name="[NONE][CKV_GHA_1] Ensure ACTIONS_ALLOW_UNSECURE_COMMANDS isn't true on environment variables" classname="/.github/workflows/terraform-destroy.yml.jobs(terraform-destroy).steps[5](Terraform Destroy)" file="/.github/workflows/terraform-destroy.yml"/>
		<testcase name="[NONE][CKV_GHA_2] Ensure run commands are not vulnerable to shell injection" classname="/.github/workflows/terraform-destroy.yml.jobs(terraform-destroy).steps[1](Checkout)" file="/.github/workflows/terraform-destroy.yml"/>
		<testcase name="[NONE][CKV_GHA_2] Ensure run commands are not vulnerable to shell injection" classname="/.github/workflows/terraform-destroy.yml.jobs(terraform-destroy).steps[2](Configure AWS Credentials)" file="/.github/workflows/terraform-destroy.yml"/>
		<testcase name="[NONE][CKV_GHA_2] Ensure run commands are not vulnerable to shell injection" classname="/.github/workflows/terraform-destroy.yml.jobs(terraform-destroy).steps[3](Setup Terraform)" file="/.github/workflows/terraform-destroy.yml"/>
		<testcase name="[NONE][CKV_GHA_2] Ensure run commands are not vulnerable to shell injection" classname="/.github/workflows/terraform-destroy.yml.jobs(terraform-destroy).steps[4](Terraform Init)" file="/.github/workflows/terraform-destroy.yml"/>
		<testcase name="[NONE][CKV_GHA_2] Ensure run commands are not vulnerable to shell injection" classname="/.github/workflows/terraform-destroy.yml.jobs(terraform-destroy).steps[5](Terraform Destroy)" file="/.github/workflows/terraform-destroy.yml"/>
		<testcase name="[NONE][CKV_GHA_3] Suspicious use of curl with secrets" classname="/.github/workflows/terraform-destroy.yml.jobs(terraform-destroy).steps[1](Checkout)" file="/.github/workflows/terraform-destroy.yml"/>
		<testcase name="[NONE][CKV_GHA_3] Suspicious use of curl with secrets" classname="/.github/workflows/terraform-destroy.yml.jobs(terraform-destroy).steps[2](Configure AWS Credentials)" file="/.github/workflows/terraform-destroy.yml"/>
		<testcase name="[NONE][CKV_GHA_3] Suspicious use of curl with secrets" classname="/.github/workflows/terraform-destroy.yml.jobs(terraform-destroy).steps[3](Setup Terraform)" file="/.github/workflows/terraform-destroy.yml"/>
		<testcase name="[NONE][CKV_GHA_3] Suspicious use of curl with secrets" classname="/.github/workflows/terraform-destroy.yml.jobs(terraform-destroy).steps[4](Terraform Init)" file="/.github/workflows/terraform-destroy.yml"/>
		<testcase name="[NONE][CKV_GHA_3] Suspicious use of curl with secrets" classname="/.github/workflows/terraform-destroy.yml.jobs(terraform-destroy).steps[5](Terraform Destroy)" file="/.github/workflows/terraform-destroy.yml"/>
		<testcase name="[NONE][CKV_GHA_6] Found artifact build without evidence of cosign sbom attestation in pipeline" classname="/.github/workflows/terraform-plan.yml.jobs" file="/.github/workflows/terraform-plan.yml"/>
		<testcase name="[NONE][CKV_GHA_4] Suspicious use of netcat with IP address" classname="/.github/workflows/terraform-plan.yml.jobs(terraform-plan)" file="/.github/workflows/terraform-plan.yml"/>
		<testcase name="[NONE][CKV_GHA_1] Ensure ACTIONS_ALLOW_UNSECURE_COMMANDS isn't true on environment variables" classname="/.github/workflows/terraform-plan.yml.jobs(terraform-plan)" file="/.github/workflows/terraform-plan.yml"/>
		<testcase name="[NONE][CKV_GHA_2] Ensure run commands are not vulnerable to shell injection" classname="/.github/workflows/terraform-plan.yml.jobs(terraform-plan)" file="/.github/workflows/terraform-plan.yml"/>
		<testcase name="[NONE][CKV_GHA_5] Found artifact build without evidence of cosign sign execution in pipeline" classname="/.github/workflows/terraform-plan.yml.jobs" file="/.github/workflows/terraform-plan.yml"/>
		<testcase name="[NONE][CKV_GHA_3] Suspicious use of curl with secrets" classname="/.github/workflows/terraform-plan.yml.jobs(terraform-plan)" file="/.github/workflows/terraform-plan.yml"/>
		<testcase name="[NONE][CKV_GHA_7] The build output cannot be affected by user parameters other than the build entry point and the top-level source location. GitHub Actions workflow_dispatch inputs MUST be empty. " classname="/.github/workflows/terraform-plan.yml.on(Terraform Plan (Pull Request))" file="/.github/workflows/terraform-plan.yml"/>
		<testcase name="[NONE][CKV_GHA_4] Suspicious use of netcat with IP address" classname="/.github/workflows/terraform-plan.yml.jobs(terraform-plan).steps[1](Checkout)" file="/.github/workflows/terraform-plan.yml"/>
		<testcase name="[NONE][CKV_GHA_4] Suspicious use of netcat with IP address" classname="/.github/workflows/terraform-plan.yml.jobs(terraform-plan).steps[2](Configure AWS Credentials)" file="/.github/workflows/terraform-plan.yml"/>
		<testcase name="[NONE][CKV_GHA_4] Suspicious use of netcat with IP address" classname="/.github/workflows/terraform-plan.yml.jobs(terraform-plan).steps[3](Setup Terraform)" file="/.github/workflows/terraform-plan.yml"/>
		<testcase name="[NONE][CKV_GHA_4] Suspicious use of netcat with IP address" classname="/.github/workflows/terraform-plan.yml.jobs(terraform-plan).steps[4](Terraform Init)" file="/.github/workflows/terraform-plan.yml"/>
		<testcase name="[NONE][CKV_GHA_4] Suspicious use of netcat with IP address" classname="/.github/workflows/terraform-plan.yml.jobs(terraform-plan).steps[5](Terraform Plan)" file="/.github/workflows/terraform-plan.yml"/>
		<testcase name="[NONE][CKV_GHA_4] Suspicious use of netcat with IP address" classname="/.github/workflows/terraform-plan.yml.jobs(terraform-plan).steps[6](Publicar el Plan en el PR)" file="/.github/workflows/terraform-plan.yml"/>
		<testcase name="[NONE][CKV_GHA_1] Ensure ACTIONS_ALLOW_UNSECURE_COMMANDS isn't true on environment variables" classname="/.github/workflows/terraform-plan.yml.jobs(terraform-plan).steps[1](Checkout)" file="/.github/workflows/terraform-plan.yml"/>
		<testcase name="[NONE][CKV_GHA_1] Ensure ACTIONS_ALLOW_UNSECURE_COMMANDS isn't true on environment variables" classname="/.github/workflows/terraform-plan.yml.jobs(terraform-plan).steps[2](Configure AWS Credentials)" file="/.github/workflows/terraform-plan.yml"/>
		<testcase name="[NONE][CKV_GHA_1] Ensure ACTIONS_ALLOW_UNSECURE_COMMANDS isn't true on environment variables" classname="/.github/workflows/terraform-plan.yml.jobs(terraform-plan).steps[3](Setup Terraform)" file="/.github/workflows/terraform-plan.yml"/>
		<testcase name="[NONE][CKV_GHA_1] Ensure ACTIONS_ALLOW_UNSECURE_COMMANDS isn't true on environment variables" classname="/.github/workflows/terraform-plan.yml.jobs(terraform-plan).steps[4](Terraform Init)" file="/.github/workflows/terraform-plan.yml"/>
		<testcase name="[NONE][CKV_GHA_1] Ensure ACTIONS_ALLOW_UNSECURE_COMMANDS isn't true on environment variables" classname="/.github/workflows/terraform-plan.yml.jobs(terraform-plan).steps[5](Terraform Plan)" file="/.github/workflows/terraform-plan.yml"/>
		<testcase name="[NONE][CKV_GHA_1] Ensure ACTIONS_ALLOW_UNSECURE_COMMANDS isn't true on environment variables" classname="/.github/workflows/terraform-plan.yml.jobs(terraform-plan).steps[6](Publicar el Plan en el PR)" file="/.github/workflows/terraform-plan.yml"/>
		<testcase name="[NONE][CKV_GHA_2] Ensure run commands are not vulnerable to shell injection" classname="/.github/workflows/terraform-plan.yml.jobs(terraform-plan).steps[1](Checkout)" file="/.github/workflows/terraform-plan.yml"/>
		<testcase name="[NONE][CKV_GHA_2] Ensure run commands are not vulnerable to shell injection" classname="/.github/workflows/terraform-plan.yml.jobs(terraform-plan).steps[2](Configure AWS Credentials)" file="/.github/workflows/terraform-plan.yml"/>
		<testcase name="[NONE][CKV_GHA_2] Ensure run commands are not vulnerable to shell injection" classname="/.github/workflows/terraform-plan.yml.jobs(terraform-plan).steps[3](Setup Terraform)" file="/.github/workflows/terraform-plan.yml"/>
		<testcase name="[NONE][CKV_GHA_2] Ensure run commands are not vulnerable to shell injection" classname="/.github/workflows/terraform-plan.yml.jobs(terraform-plan).steps[4](Terraform Init)" file="/.github/workflows/terraform-plan.yml"/>
		<testcase name="[NONE][CKV_GHA_2] Ensure run commands are not vulnerable to shell injection" classname="/.github/workflows/terraform-plan.yml.jobs(terraform-plan).steps[5](Terraform Plan)" file="/.github/workflows/terraform-plan.yml"/>
		<testcase name="[NONE][CKV_GHA_2] Ensure run commands are not vulnerable to shell injection" classname="/.github/workflows/terraform-plan.yml.jobs(terraform-plan).steps[6](Publicar el Plan en el PR)" file="/.github/workflows/terraform-plan.yml"/>
		<testcase name="[NONE][CKV_GHA_3] Suspicious use of curl with secrets" classname="/.github/workflows/terraform-plan.yml.jobs(terraform-plan).steps[1](Checkout)" file="/.github/workflows/terraform-plan.yml"/>
		<testcase name="[NONE][CKV_GHA_3] Suspicious use of curl with secrets" classname="/.github/workflows/terraform-plan.yml.jobs(terraform-plan).steps[2](Configure AWS Credentials)" file="/.github/workflows/terraform-plan.yml"/>
		<testcase name="[NONE][CKV_GHA_3] Suspicious use of curl with secrets" classname="/.github/workflows/terraform-plan.yml.jobs(terraform-plan).steps[3](Setup Terraform)" file="/.github/workflows/terraform-plan.yml"/>
		<testcase name="[NONE][CKV_GHA_3] Suspicious use of curl with secrets" classname="/.github/workflows/terraform-plan.yml.jobs(terraform-plan).steps[4](Terraform Init)" file="/.github/workflows/terraform-plan.yml"/>
		<testcase name="[NONE][CKV_GHA_3] Suspicious use of curl with secrets" classname="/.github/workflows/terraform-plan.yml.jobs(terraform-plan).steps[5](Terraform Plan)" file="/.github/workflows/terraform-plan.yml"/>
		<testcase name="[NONE][CKV_GHA_3] Suspicious use of curl with secrets" classname="/.github/workflows/terraform-plan.yml.jobs(terraform-plan).steps[6](Publicar el Plan en el PR)" file="/.github/workflows/terraform-plan.yml"/>
		<testcase name="[NONE][CKV2_GHA_1] Ensure top-level permissions are not set to write-all" classname="/.github/workflows/terraform-apply.yml.on(Terraform Apply (Main))" file="/.github/workflows/terraform-apply.yml">
			<failure type="failure" message="Ensure top-level permissions are not set to write-all">
Resource: on(Terraform Apply (Main))
File: /.github/workflows/terraform-apply.yml: 19-20
Guideline: None</failure>
		</testcase>
		<testcase name="[NONE][CKV2_GHA_1] Ensure top-level permissions are not set to write-all" classname="/.github/workflows/terraform-destroy.yml.on(Terraform Destroy (Manual))" file="/.github/workflows/terraform-destroy.yml">
			<failure type="failure" message="Ensure top-level permissions are not set to write-all">
Resource: on(Terraform Destroy (Manual))
File: /.github/workflows/terraform-destroy.yml: 14-15
Guideline: None</failure>
		</testcase>
		<testcase name="[NONE][CKV2_GHA_1] Ensure top-level permissions are not set to write-all" classname="/.github/workflows/terraform-plan.yml.on(Terraform Plan (Pull Request))" file="/.github/workflows/terraform-plan.yml">
			<failure type="failure" message="Ensure top-level permissions are not set to write-all">
Resource: on(Terraform Plan (Pull Request))
File: /.github/workflows/terraform-plan.yml: 17-18
Guideline: None</failure>
		</testcase>
	</testsuite>
</testsuites>
